2024-03-29 15:19:45,533 INFO [restartedMain] org.linlinjava.litemall.Application [SpringApplication.java : 679] The following profiles are active: db,core,admin,wx
2024-03-29 15:19:52,687 INFO [scheduling-1] o.l.litemall.admin.job.CouponJob [CouponJob.java : 36] 系统开启任务检查优惠券是否已经过期
2024-03-29 15:19:52,718 INFO [restartedMain] org.linlinjava.litemall.Application [StartupInfoLogger.java : 59] Started Application in 8.745 seconds (JVM running for 10.384)
2024-03-29 15:19:52,718 INFO [scheduling-1] o.l.litemall.admin.job.CouponJob [CouponJob.java : 50] 系统结束任务检查优惠券是否已经过期
2024-03-29 15:22:13,482 ERROR [http-nio-8080-exec-2] c.a.d.pool.DruidAbstractDataSource [DruidAbstractDataSource.java : 1488] discard long time none received connection. , jdbcUrl : jdbc:mysql://localhost:3306/litemall?useUnicode=true&characterEncoding=UTF-8&serverTimezone=Asia/Shanghai&allowPublicKeyRetrieval=true&verifyServerCertificate=false&useSSL=false, jdbcUrl : jdbc:mysql://localhost:3306/litemall?useUnicode=true&characterEncoding=UTF-8&serverTimezone=Asia/Shanghai&allowPublicKeyRetrieval=true&verifyServerCertificate=false&useSSL=false, lastPacketReceivedIdleMillis : 140732
2024-03-29 15:22:13,482 ERROR [http-nio-8080-exec-2] c.a.d.pool.DruidAbstractDataSource [DruidAbstractDataSource.java : 1488] discard long time none received connection. , jdbcUrl : jdbc:mysql://localhost:3306/litemall?useUnicode=true&characterEncoding=UTF-8&serverTimezone=Asia/Shanghai&allowPublicKeyRetrieval=true&verifyServerCertificate=false&useSSL=false, jdbcUrl : jdbc:mysql://localhost:3306/litemall?useUnicode=true&characterEncoding=UTF-8&serverTimezone=Asia/Shanghai&allowPublicKeyRetrieval=true&verifyServerCertificate=false&useSSL=false, lastPacketReceivedIdleMillis : 144609
2024-03-29 15:22:13,482 ERROR [http-nio-8080-exec-2] c.a.d.pool.DruidAbstractDataSource [DruidAbstractDataSource.java : 1488] discard long time none received connection. , jdbcUrl : jdbc:mysql://localhost:3306/litemall?useUnicode=true&characterEncoding=UTF-8&serverTimezone=Asia/Shanghai&allowPublicKeyRetrieval=true&verifyServerCertificate=false&useSSL=false, jdbcUrl : jdbc:mysql://localhost:3306/litemall?useUnicode=true&characterEncoding=UTF-8&serverTimezone=Asia/Shanghai&allowPublicKeyRetrieval=true&verifyServerCertificate=false&useSSL=false, lastPacketReceivedIdleMillis : 144609
2024-03-29 15:28:06,506 ERROR [http-nio-8080-exec-9] c.a.d.pool.DruidAbstractDataSource [DruidAbstractDataSource.java : 1488] discard long time none received connection. , jdbcUrl : jdbc:mysql://localhost:3306/litemall?useUnicode=true&characterEncoding=UTF-8&serverTimezone=Asia/Shanghai&allowPublicKeyRetrieval=true&verifyServerCertificate=false&useSSL=false, jdbcUrl : jdbc:mysql://localhost:3306/litemall?useUnicode=true&characterEncoding=UTF-8&serverTimezone=Asia/Shanghai&allowPublicKeyRetrieval=true&verifyServerCertificate=false&useSSL=false, lastPacketReceivedIdleMillis : 352341
2024-03-29 15:28:06,506 ERROR [http-nio-8080-exec-9] c.a.d.pool.DruidAbstractDataSource [DruidAbstractDataSource.java : 1488] discard long time none received connection. , jdbcUrl : jdbc:mysql://localhost:3306/litemall?useUnicode=true&characterEncoding=UTF-8&serverTimezone=Asia/Shanghai&allowPublicKeyRetrieval=true&verifyServerCertificate=false&useSSL=false, jdbcUrl : jdbc:mysql://localhost:3306/litemall?useUnicode=true&characterEncoding=UTF-8&serverTimezone=Asia/Shanghai&allowPublicKeyRetrieval=true&verifyServerCertificate=false&useSSL=false, lastPacketReceivedIdleMillis : 497633
2024-03-29 15:28:06,506 ERROR [http-nio-8080-exec-9] c.a.d.pool.DruidAbstractDataSource [DruidAbstractDataSource.java : 1488] discard long time none received connection. , jdbcUrl : jdbc:mysql://localhost:3306/litemall?useUnicode=true&characterEncoding=UTF-8&serverTimezone=Asia/Shanghai&allowPublicKeyRetrieval=true&verifyServerCertificate=false&useSSL=false, jdbcUrl : jdbc:mysql://localhost:3306/litemall?useUnicode=true&characterEncoding=UTF-8&serverTimezone=Asia/Shanghai&allowPublicKeyRetrieval=true&verifyServerCertificate=false&useSSL=false, lastPacketReceivedIdleMillis : 497633
2024-03-29 15:28:06,506 ERROR [http-nio-8080-exec-9] c.a.d.pool.DruidAbstractDataSource [DruidAbstractDataSource.java : 1488] discard long time none received connection. , jdbcUrl : jdbc:mysql://localhost:3306/litemall?useUnicode=true&characterEncoding=UTF-8&serverTimezone=Asia/Shanghai&allowPublicKeyRetrieval=true&verifyServerCertificate=false&useSSL=false, jdbcUrl : jdbc:mysql://localhost:3306/litemall?useUnicode=true&characterEncoding=UTF-8&serverTimezone=Asia/Shanghai&allowPublicKeyRetrieval=true&verifyServerCertificate=false&useSSL=false, lastPacketReceivedIdleMillis : 497633
2024-03-29 15:28:06,506 ERROR [http-nio-8080-exec-9] c.a.d.pool.DruidAbstractDataSource [DruidAbstractDataSource.java : 1488] discard long time none received connection. , jdbcUrl : jdbc:mysql://localhost:3306/litemall?useUnicode=true&characterEncoding=UTF-8&serverTimezone=Asia/Shanghai&allowPublicKeyRetrieval=true&verifyServerCertificate=false&useSSL=false, jdbcUrl : jdbc:mysql://localhost:3306/litemall?useUnicode=true&characterEncoding=UTF-8&serverTimezone=Asia/Shanghai&allowPublicKeyRetrieval=true&verifyServerCertificate=false&useSSL=false, lastPacketReceivedIdleMillis : 497649
2024-03-29 15:38:20,407 ERROR [http-nio-8080-exec-10] c.a.d.pool.DruidAbstractDataSource [DruidAbstractDataSource.java : 1488] discard long time none received connection. , jdbcUrl : jdbc:mysql://localhost:3306/litemall?useUnicode=true&characterEncoding=UTF-8&serverTimezone=Asia/Shanghai&allowPublicKeyRetrieval=true&verifyServerCertificate=false&useSSL=false, jdbcUrl : jdbc:mysql://localhost:3306/litemall?useUnicode=true&characterEncoding=UTF-8&serverTimezone=Asia/Shanghai&allowPublicKeyRetrieval=true&verifyServerCertificate=false&useSSL=false, lastPacketReceivedIdleMillis : 60004
2024-03-29 15:38:20,407 ERROR [http-nio-8080-exec-10] c.a.d.pool.DruidAbstractDataSource [DruidAbstractDataSource.java : 1488] discard long time none received connection. , jdbcUrl : jdbc:mysql://localhost:3306/litemall?useUnicode=true&characterEncoding=UTF-8&serverTimezone=Asia/Shanghai&allowPublicKeyRetrieval=true&verifyServerCertificate=false&useSSL=false, jdbcUrl : jdbc:mysql://localhost:3306/litemall?useUnicode=true&characterEncoding=UTF-8&serverTimezone=Asia/Shanghai&allowPublicKeyRetrieval=true&verifyServerCertificate=false&useSSL=false, lastPacketReceivedIdleMillis : 613763
2024-03-29 15:38:20,407 ERROR [http-nio-8080-exec-10] c.a.d.pool.DruidAbstractDataSource [DruidAbstractDataSource.java : 1488] discard long time none received connection. , jdbcUrl : jdbc:mysql://localhost:3306/litemall?useUnicode=true&characterEncoding=UTF-8&serverTimezone=Asia/Shanghai&allowPublicKeyRetrieval=true&verifyServerCertificate=false&useSSL=false, jdbcUrl : jdbc:mysql://localhost:3306/litemall?useUnicode=true&characterEncoding=UTF-8&serverTimezone=Asia/Shanghai&allowPublicKeyRetrieval=true&verifyServerCertificate=false&useSSL=false, lastPacketReceivedIdleMillis : 1111550
2024-03-29 15:38:20,407 ERROR [http-nio-8080-exec-10] c.a.d.pool.DruidAbstractDataSource [DruidAbstractDataSource.java : 1488] discard long time none received connection. , jdbcUrl : jdbc:mysql://localhost:3306/litemall?useUnicode=true&characterEncoding=UTF-8&serverTimezone=Asia/Shanghai&allowPublicKeyRetrieval=true&verifyServerCertificate=false&useSSL=false, jdbcUrl : jdbc:mysql://localhost:3306/litemall?useUnicode=true&characterEncoding=UTF-8&serverTimezone=Asia/Shanghai&allowPublicKeyRetrieval=true&verifyServerCertificate=false&useSSL=false, lastPacketReceivedIdleMillis : 1111550
2024-03-29 15:38:20,407 ERROR [http-nio-8080-exec-10] c.a.d.pool.DruidAbstractDataSource [DruidAbstractDataSource.java : 1488] discard long time none received connection. , jdbcUrl : jdbc:mysql://localhost:3306/litemall?useUnicode=true&characterEncoding=UTF-8&serverTimezone=Asia/Shanghai&allowPublicKeyRetrieval=true&verifyServerCertificate=false&useSSL=false, jdbcUrl : jdbc:mysql://localhost:3306/litemall?useUnicode=true&characterEncoding=UTF-8&serverTimezone=Asia/Shanghai&allowPublicKeyRetrieval=true&verifyServerCertificate=false&useSSL=false, lastPacketReceivedIdleMillis : 1111550
2024-03-29 15:41:20,404 ERROR [http-nio-8080-exec-2] c.a.d.pool.DruidAbstractDataSource [DruidAbstractDataSource.java : 1488] discard long time none received connection. , jdbcUrl : jdbc:mysql://localhost:3306/litemall?useUnicode=true&characterEncoding=UTF-8&serverTimezone=Asia/Shanghai&allowPublicKeyRetrieval=true&verifyServerCertificate=false&useSSL=false, jdbcUrl : jdbc:mysql://localhost:3306/litemall?useUnicode=true&characterEncoding=UTF-8&serverTimezone=Asia/Shanghai&allowPublicKeyRetrieval=true&verifyServerCertificate=false&useSSL=false, lastPacketReceivedIdleMillis : 60010
2024-03-29 15:48:15,406 ERROR [http-nio-8080-exec-5] c.a.d.pool.DruidAbstractDataSource [DruidAbstractDataSource.java : 1488] discard long time none received connection. , jdbcUrl : jdbc:mysql://localhost:3306/litemall?useUnicode=true&characterEncoding=UTF-8&serverTimezone=Asia/Shanghai&allowPublicKeyRetrieval=true&verifyServerCertificate=false&useSSL=false, jdbcUrl : jdbc:mysql://localhost:3306/litemall?useUnicode=true&characterEncoding=UTF-8&serverTimezone=Asia/Shanghai&allowPublicKeyRetrieval=true&verifyServerCertificate=false&useSSL=false, lastPacketReceivedIdleMillis : 60989
2024-03-29 15:49:16,403 ERROR [http-nio-8080-exec-6] c.a.d.pool.DruidAbstractDataSource [DruidAbstractDataSource.java : 1488] discard long time none received connection. , jdbcUrl : jdbc:mysql://localhost:3306/litemall?useUnicode=true&characterEncoding=UTF-8&serverTimezone=Asia/Shanghai&allowPublicKeyRetrieval=true&verifyServerCertificate=false&useSSL=false, jdbcUrl : jdbc:mysql://localhost:3306/litemall?useUnicode=true&characterEncoding=UTF-8&serverTimezone=Asia/Shanghai&allowPublicKeyRetrieval=true&verifyServerCertificate=false&useSSL=false, lastPacketReceivedIdleMillis : 60997
2024-03-29 15:50:16,754 ERROR [http-nio-8080-exec-7] c.a.d.pool.DruidAbstractDataSource [DruidAbstractDataSource.java : 1488] discard long time none received connection. , jdbcUrl : jdbc:mysql://localhost:3306/litemall?useUnicode=true&characterEncoding=UTF-8&serverTimezone=Asia/Shanghai&allowPublicKeyRetrieval=true&verifyServerCertificate=false&useSSL=false, jdbcUrl : jdbc:mysql://localhost:3306/litemall?useUnicode=true&characterEncoding=UTF-8&serverTimezone=Asia/Shanghai&allowPublicKeyRetrieval=true&verifyServerCertificate=false&useSSL=false, lastPacketReceivedIdleMillis : 60351
2024-03-29 15:51:54,529 ERROR [http-nio-8080-exec-1] o.l.l.c.c.GlobalExceptionHandler [GlobalExceptionHandler.java : 72] 
### Error updating database.  Cause: com.mysql.cj.jdbc.exceptions.MysqlDataTruncation: Data truncation: Out of range value for column 'retail_price' at row 1
### The error may involve org.linlinjava.litemall.db.dao.LitemallGoodsMapper.insertSelective-Inline
### The error occurred while setting parameters
### SQL: insert into litemall_goods      ( goods_sn,                       `name`,                                     gallery,                                     is_on_sale,                              pic_url,                              is_new,                       is_hot,                       unit,                       counter_price,                       retail_price,                       add_time,                       update_time )       values ( ?,                       ?,                                     ?,                                     ?,                              ?,                              ?,                       ?,                       ?,                       ?,                       ?,                       ?,                       ? )
### Cause: com.mysql.cj.jdbc.exceptions.MysqlDataTruncation: Data truncation: Out of range value for column 'retail_price' at row 1
; Data truncation: Out of range value for column 'retail_price' at row 1; nested exception is com.mysql.cj.jdbc.exceptions.MysqlDataTruncation: Data truncation: Out of range value for column 'retail_price' at row 1
org.springframework.dao.DataIntegrityViolationException: 
### Error updating database.  Cause: com.mysql.cj.jdbc.exceptions.MysqlDataTruncation: Data truncation: Out of range value for column 'retail_price' at row 1
### The error may involve org.linlinjava.litemall.db.dao.LitemallGoodsMapper.insertSelective-Inline
### The error occurred while setting parameters
### SQL: insert into litemall_goods      ( goods_sn,                       `name`,                                     gallery,                                     is_on_sale,                              pic_url,                              is_new,                       is_hot,                       unit,                       counter_price,                       retail_price,                       add_time,                       update_time )       values ( ?,                       ?,                                     ?,                                     ?,                              ?,                              ?,                       ?,                       ?,                       ?,                       ?,                       ?,                       ? )
### Cause: com.mysql.cj.jdbc.exceptions.MysqlDataTruncation: Data truncation: Out of range value for column 'retail_price' at row 1
; Data truncation: Out of range value for column 'retail_price' at row 1; nested exception is com.mysql.cj.jdbc.exceptions.MysqlDataTruncation: Data truncation: Out of range value for column 'retail_price' at row 1
	at org.springframework.jdbc.support.SQLStateSQLExceptionTranslator.doTranslate(SQLStateSQLExceptionTranslator.java:104)
	at org.springframework.jdbc.support.AbstractFallbackSQLExceptionTranslator.translate(AbstractFallbackSQLExceptionTranslator.java:72)
	at org.springframework.jdbc.support.AbstractFallbackSQLExceptionTranslator.translate(AbstractFallbackSQLExceptionTranslator.java:81)
	at org.springframework.jdbc.support.AbstractFallbackSQLExceptionTranslator.translate(AbstractFallbackSQLExceptionTranslator.java:81)
	at org.mybatis.spring.MyBatisExceptionTranslator.translateExceptionIfPossible(MyBatisExceptionTranslator.java:73)
	at org.mybatis.spring.SqlSessionTemplate$SqlSessionInterceptor.invoke(SqlSessionTemplate.java:446)
	at jdk.proxy2/jdk.proxy2.$Proxy85.insert(Unknown Source)
	at org.mybatis.spring.SqlSessionTemplate.insert(SqlSessionTemplate.java:278)
	at org.apache.ibatis.binding.MapperMethod.execute(MapperMethod.java:58)
	at org.apache.ibatis.binding.MapperProxy.invoke(MapperProxy.java:59)
	at jdk.proxy3/jdk.proxy3.$Proxy92.insertSelective(Unknown Source)
	at org.linlinjava.litemall.db.service.LitemallGoodsService.add(LitemallGoodsService.java:201)
	at org.linlinjava.litemall.admin.service.AdminGoodsService.create(AdminGoodsService.java:259)
	at org.linlinjava.litemall.admin.service.AdminGoodsService$$FastClassBySpringCGLIB$$5c76aa2c.invoke(<generated>)
	at org.springframework.cglib.proxy.MethodProxy.invoke(MethodProxy.java:218)
	at org.springframework.aop.framework.CglibAopProxy$CglibMethodInvocation.invokeJoinpoint(CglibAopProxy.java:749)
	at org.springframework.aop.framework.ReflectiveMethodInvocation.proceed(ReflectiveMethodInvocation.java:163)
	at org.springframework.transaction.interceptor.TransactionAspectSupport.invokeWithinTransaction(TransactionAspectSupport.java:295)
	at org.springframework.transaction.interceptor.TransactionInterceptor.invoke(TransactionInterceptor.java:98)
	at org.springframework.aop.framework.ReflectiveMethodInvocation.proceed(ReflectiveMethodInvocation.java:186)
	at org.springframework.aop.framework.CglibAopProxy$DynamicAdvisedInterceptor.intercept(CglibAopProxy.java:688)
	at org.linlinjava.litemall.admin.service.AdminGoodsService$$EnhancerBySpringCGLIB$$b694b457.create(<generated>)
	at org.linlinjava.litemall.admin.service.AdminGoodsService$$FastClassBySpringCGLIB$$5c76aa2c.invoke(<generated>)
	at org.springframework.cglib.proxy.MethodProxy.invoke(MethodProxy.java:218)
	at org.springframework.aop.framework.CglibAopProxy$CglibMethodInvocation.invokeJoinpoint(CglibAopProxy.java:749)
	at org.springframework.aop.framework.ReflectiveMethodInvocation.proceed(ReflectiveMethodInvocation.java:163)
	at org.springframework.transaction.interceptor.TransactionAspectSupport.invokeWithinTransaction(TransactionAspectSupport.java:295)
	at org.springframework.transaction.interceptor.TransactionInterceptor.invoke(TransactionInterceptor.java:98)
	at org.springframework.aop.framework.ReflectiveMethodInvocation.proceed(ReflectiveMethodInvocation.java:186)
	at org.springframework.aop.framework.CglibAopProxy$DynamicAdvisedInterceptor.intercept(CglibAopProxy.java:688)
	at org.linlinjava.litemall.admin.service.AdminGoodsService$$EnhancerBySpringCGLIB$$5fbbf93d.create(<generated>)
	at org.linlinjava.litemall.admin.web.AdminGoodsController.create(AdminGoodsController.java:91)
	at org.linlinjava.litemall.admin.web.AdminGoodsController$$FastClassBySpringCGLIB$$e9ecea06.invoke(<generated>)
	at org.springframework.cglib.proxy.MethodProxy.invoke(MethodProxy.java:218)
	at org.springframework.aop.framework.CglibAopProxy$CglibMethodInvocation.invokeJoinpoint(CglibAopProxy.java:749)
	at org.springframework.aop.framework.ReflectiveMethodInvocation.proceed(ReflectiveMethodInvocation.java:163)
	at org.apache.shiro.spring.security.interceptor.AopAllianceAnnotationsAuthorizingMethodInterceptor$1.proceed(AopAllianceAnnotationsAuthorizingMethodInterceptor.java:82)
	at org.apache.shiro.authz.aop.AuthorizingMethodInterceptor.invoke(AuthorizingMethodInterceptor.java:39)
	at org.apache.shiro.spring.security.interceptor.AopAllianceAnnotationsAuthorizingMethodInterceptor.invoke(AopAllianceAnnotationsAuthorizingMethodInterceptor.java:115)
	at org.springframework.aop.framework.ReflectiveMethodInvocation.proceed(ReflectiveMethodInvocation.java:186)
	at org.springframework.aop.framework.CglibAopProxy$DynamicAdvisedInterceptor.intercept(CglibAopProxy.java:688)
	at org.linlinjava.litemall.admin.web.AdminGoodsController$$EnhancerBySpringCGLIB$$814b1075.create(<generated>)
	at org.linlinjava.litemall.admin.web.AdminGoodsController$$FastClassBySpringCGLIB$$e9ecea06.invoke(<generated>)
	at org.springframework.cglib.proxy.MethodProxy.invoke(MethodProxy.java:218)
	at org.springframework.aop.framework.CglibAopProxy$CglibMethodInvocation.invokeJoinpoint(CglibAopProxy.java:749)
	at org.springframework.aop.framework.ReflectiveMethodInvocation.proceed(ReflectiveMethodInvocation.java:163)
	at org.springframework.validation.beanvalidation.MethodValidationInterceptor.invoke(MethodValidationInterceptor.java:119)
	at org.springframework.aop.framework.ReflectiveMethodInvocation.proceed(ReflectiveMethodInvocation.java:186)
	at org.apache.shiro.spring.security.interceptor.AopAllianceAnnotationsAuthorizingMethodInterceptor$1.proceed(AopAllianceAnnotationsAuthorizingMethodInterceptor.java:82)
	at org.apache.shiro.authz.aop.AuthorizingMethodInterceptor.invoke(AuthorizingMethodInterceptor.java:39)
	at org.apache.shiro.spring.security.interceptor.AopAllianceAnnotationsAuthorizingMethodInterceptor.invoke(AopAllianceAnnotationsAuthorizingMethodInterceptor.java:115)
	at org.springframework.aop.framework.ReflectiveMethodInvocation.proceed(ReflectiveMethodInvocation.java:186)
	at org.springframework.aop.framework.CglibAopProxy$DynamicAdvisedInterceptor.intercept(CglibAopProxy.java:688)
	at org.linlinjava.litemall.admin.web.AdminGoodsController$$EnhancerBySpringCGLIB$$52704bd7.create(<generated>)
	at java.base/jdk.internal.reflect.DirectMethodHandleAccessor.invoke(DirectMethodHandleAccessor.java:104)
	at java.base/java.lang.reflect.Method.invoke(Method.java:578)
	at org.springframework.web.method.support.InvocableHandlerMethod.doInvoke(InvocableHandlerMethod.java:190)
	at org.springframework.web.method.support.InvocableHandlerMethod.invokeForRequest(InvocableHandlerMethod.java:138)
	at org.springframework.web.servlet.mvc.method.annotation.ServletInvocableHandlerMethod.invokeAndHandle(ServletInvocableHandlerMethod.java:104)
	at org.springframework.web.servlet.mvc.method.annotation.RequestMappingHandlerAdapter.invokeHandlerMethod(RequestMappingHandlerAdapter.java:892)
	at org.springframework.web.servlet.mvc.method.annotation.RequestMappingHandlerAdapter.handleInternal(RequestMappingHandlerAdapter.java:797)
	at org.springframework.web.servlet.mvc.method.AbstractHandlerMethodAdapter.handle(AbstractHandlerMethodAdapter.java:87)
	at org.springframework.web.servlet.DispatcherServlet.doDispatch(DispatcherServlet.java:1039)
	at org.springframework.web.servlet.DispatcherServlet.doService(DispatcherServlet.java:942)
	at org.springframework.web.servlet.FrameworkServlet.processRequest(FrameworkServlet.java:1005)
	at org.springframework.web.servlet.FrameworkServlet.doPost(FrameworkServlet.java:908)
	at javax.servlet.http.HttpServlet.service(HttpServlet.java:660)
	at org.springframework.web.servlet.FrameworkServlet.service(FrameworkServlet.java:882)
	at javax.servlet.http.HttpServlet.service(HttpServlet.java:741)
	at org.apache.catalina.core.ApplicationFilterChain.internalDoFilter(ApplicationFilterChain.java:231)
	at org.apache.catalina.core.ApplicationFilterChain.doFilter(ApplicationFilterChain.java:166)
	at org.apache.tomcat.websocket.server.WsFilter.doFilter(WsFilter.java:53)
	at org.apache.catalina.core.ApplicationFilterChain.internalDoFilter(ApplicationFilterChain.java:193)
	at org.apache.catalina.core.ApplicationFilterChain.doFilter(ApplicationFilterChain.java:166)
	at org.apache.shiro.web.servlet.ProxiedFilterChain.doFilter(ProxiedFilterChain.java:61)
	at org.apache.shiro.web.servlet.AdviceFilter.executeChain(AdviceFilter.java:108)
	at org.apache.shiro.web.servlet.AdviceFilter.doFilterInternal(AdviceFilter.java:137)
	at org.apache.shiro.web.servlet.OncePerRequestFilter.doFilter(OncePerRequestFilter.java:125)
	at org.apache.shiro.web.servlet.ProxiedFilterChain.doFilter(ProxiedFilterChain.java:66)
	at org.apache.shiro.web.servlet.AdviceFilter.executeChain(AdviceFilter.java:108)
	at org.apache.shiro.web.servlet.AdviceFilter.doFilterInternal(AdviceFilter.java:137)
	at org.apache.shiro.web.servlet.OncePerRequestFilter.doFilter(OncePerRequestFilter.java:125)
	at org.apache.shiro.web.servlet.ProxiedFilterChain.doFilter(ProxiedFilterChain.java:66)
	at org.apache.shiro.web.servlet.AbstractShiroFilter.executeChain(AbstractShiroFilter.java:450)
	at org.apache.shiro.web.servlet.AbstractShiroFilter$1.call(AbstractShiroFilter.java:365)
	at org.apache.shiro.subject.support.SubjectCallable.doCall(SubjectCallable.java:90)
	at org.apache.shiro.subject.support.SubjectCallable.call(SubjectCallable.java:83)
	at org.apache.shiro.subject.support.DelegatingSubject.execute(DelegatingSubject.java:387)
	at org.apache.shiro.web.servlet.AbstractShiroFilter.doFilterInternal(AbstractShiroFilter.java:362)
	at org.apache.shiro.web.servlet.OncePerRequestFilter.doFilter(OncePerRequestFilter.java:125)
	at org.apache.catalina.core.ApplicationFilterChain.internalDoFilter(ApplicationFilterChain.java:193)
	at org.apache.catalina.core.ApplicationFilterChain.doFilter(ApplicationFilterChain.java:166)
	at com.github.xiaoymin.swaggerbootstrapui.filter.SecurityBasicAuthFilter.doFilter(SecurityBasicAuthFilter.java:84)
	at org.apache.catalina.core.ApplicationFilterChain.internalDoFilter(ApplicationFilterChain.java:193)
	at org.apache.catalina.core.ApplicationFilterChain.doFilter(ApplicationFilterChain.java:166)
	at com.github.xiaoymin.swaggerbootstrapui.filter.ProductionSecurityFilter.doFilter(ProductionSecurityFilter.java:53)
	at org.apache.catalina.core.ApplicationFilterChain.internalDoFilter(ApplicationFilterChain.java:193)
	at org.apache.catalina.core.ApplicationFilterChain.doFilter(ApplicationFilterChain.java:166)
	at org.springframework.web.filter.CorsFilter.doFilterInternal(CorsFilter.java:96)
	at org.springframework.web.filter.OncePerRequestFilter.doFilter(OncePerRequestFilter.java:107)
	at org.apache.catalina.core.ApplicationFilterChain.internalDoFilter(ApplicationFilterChain.java:193)
	at org.apache.catalina.core.ApplicationFilterChain.doFilter(ApplicationFilterChain.java:166)
	at com.alibaba.druid.support.http.WebStatFilter.doFilter(WebStatFilter.java:124)
	at org.apache.catalina.core.ApplicationFilterChain.internalDoFilter(ApplicationFilterChain.java:193)
	at org.apache.catalina.core.ApplicationFilterChain.doFilter(ApplicationFilterChain.java:166)
	at org.springframework.web.filter.RequestContextFilter.doFilterInternal(RequestContextFilter.java:99)
	at org.springframework.web.filter.OncePerRequestFilter.doFilter(OncePerRequestFilter.java:107)
	at org.apache.catalina.core.ApplicationFilterChain.internalDoFilter(ApplicationFilterChain.java:193)
	at org.apache.catalina.core.ApplicationFilterChain.doFilter(ApplicationFilterChain.java:166)
	at org.springframework.web.filter.FormContentFilter.doFilterInternal(FormContentFilter.java:92)
	at org.springframework.web.filter.OncePerRequestFilter.doFilter(OncePerRequestFilter.java:107)
	at org.apache.catalina.core.ApplicationFilterChain.internalDoFilter(ApplicationFilterChain.java:193)
	at org.apache.catalina.core.ApplicationFilterChain.doFilter(ApplicationFilterChain.java:166)
	at org.springframework.web.filter.HiddenHttpMethodFilter.doFilterInternal(HiddenHttpMethodFilter.java:93)
	at org.springframework.web.filter.OncePerRequestFilter.doFilter(OncePerRequestFilter.java:107)
	at org.apache.catalina.core.ApplicationFilterChain.internalDoFilter(ApplicationFilterChain.java:193)
	at org.apache.catalina.core.ApplicationFilterChain.doFilter(ApplicationFilterChain.java:166)
	at org.springframework.web.filter.CharacterEncodingFilter.doFilterInternal(CharacterEncodingFilter.java:200)
	at org.springframework.web.filter.OncePerRequestFilter.doFilter(OncePerRequestFilter.java:107)
	at org.apache.catalina.core.ApplicationFilterChain.internalDoFilter(ApplicationFilterChain.java:193)
	at org.apache.catalina.core.ApplicationFilterChain.doFilter(ApplicationFilterChain.java:166)
	at org.apache.catalina.core.StandardWrapperValve.invoke(StandardWrapperValve.java:200)
	at org.apache.catalina.core.StandardContextValve.invoke(StandardContextValve.java:96)
	at org.apache.catalina.authenticator.AuthenticatorBase.invoke(AuthenticatorBase.java:490)
	at org.apache.catalina.core.StandardHostValve.invoke(StandardHostValve.java:139)
	at org.apache.catalina.valves.ErrorReportValve.invoke(ErrorReportValve.java:92)
	at org.apache.catalina.core.StandardEngineValve.invoke(StandardEngineValve.java:74)
	at org.apache.catalina.connector.CoyoteAdapter.service(CoyoteAdapter.java:343)
	at org.apache.coyote.http11.Http11Processor.service(Http11Processor.java:408)
	at org.apache.coyote.AbstractProcessorLight.process(AbstractProcessorLight.java:66)
	at org.apache.coyote.AbstractProtocol$ConnectionHandler.process(AbstractProtocol.java:836)
	at org.apache.tomcat.util.net.NioEndpoint$SocketProcessor.doRun(NioEndpoint.java:1747)
	at org.apache.tomcat.util.net.SocketProcessorBase.run(SocketProcessorBase.java:49)
	at java.base/java.util.concurrent.ThreadPoolExecutor.runWorker(ThreadPoolExecutor.java:1144)
	at java.base/java.util.concurrent.ThreadPoolExecutor$Worker.run(ThreadPoolExecutor.java:642)
	at org.apache.tomcat.util.threads.TaskThread$WrappingRunnable.run(TaskThread.java:61)
	at java.base/java.lang.Thread.run(Thread.java:1589)
Caused by: com.mysql.cj.jdbc.exceptions.MysqlDataTruncation: Data truncation: Out of range value for column 'retail_price' at row 1
	at com.mysql.cj.jdbc.exceptions.SQLExceptionsMapping.translateException(SQLExceptionsMapping.java:104)
	at com.mysql.cj.jdbc.ClientPreparedStatement.executeInternal(ClientPreparedStatement.java:953)
	at com.mysql.cj.jdbc.ClientPreparedStatement.execute(ClientPreparedStatement.java:371)
	at com.alibaba.druid.pool.DruidPooledPreparedStatement.execute(DruidPooledPreparedStatement.java:497)
	at org.apache.ibatis.executor.statement.PreparedStatementHandler.update(PreparedStatementHandler.java:46)
	at org.apache.ibatis.executor.statement.RoutingStatementHandler.update(RoutingStatementHandler.java:74)
	at org.apache.ibatis.executor.SimpleExecutor.doUpdate(SimpleExecutor.java:50)
	at org.apache.ibatis.executor.BaseExecutor.update(BaseExecutor.java:117)
	at org.apache.ibatis.executor.CachingExecutor.update(CachingExecutor.java:76)
	at java.base/jdk.internal.reflect.DirectMethodHandleAccessor.invoke(DirectMethodHandleAccessor.java:104)
	at java.base/java.lang.reflect.Method.invoke(Method.java:578)
	at org.apache.ibatis.plugin.Plugin.invoke(Plugin.java:63)
	at jdk.proxy2/jdk.proxy2.$Proxy167.update(Unknown Source)
	at org.apache.ibatis.session.defaults.DefaultSqlSession.update(DefaultSqlSession.java:198)
	at org.apache.ibatis.session.defaults.DefaultSqlSession.insert(DefaultSqlSession.java:185)
	at java.base/jdk.internal.reflect.DirectMethodHandleAccessor.invoke(DirectMethodHandleAccessor.java:104)
	at java.base/java.lang.reflect.Method.invoke(Method.java:578)
	at org.mybatis.spring.SqlSessionTemplate$SqlSessionInterceptor.invoke(SqlSessionTemplate.java:433)
	... 131 common frames omitted
2024-03-29 15:52:07,607 ERROR [http-nio-8080-exec-2] o.l.l.c.c.GlobalExceptionHandler [GlobalExceptionHandler.java : 72] 
### Error updating database.  Cause: com.mysql.cj.jdbc.exceptions.MysqlDataTruncation: Data truncation: Out of range value for column 'retail_price' at row 1
### The error may involve org.linlinjava.litemall.db.dao.LitemallGoodsMapper.insertSelective-Inline
### The error occurred while setting parameters
### SQL: insert into litemall_goods      ( goods_sn,                       `name`,                                     gallery,                                     is_on_sale,                              pic_url,                              is_new,                       is_hot,                       unit,                       counter_price,                       retail_price,                       add_time,                       update_time )       values ( ?,                       ?,                                     ?,                                     ?,                              ?,                              ?,                       ?,                       ?,                       ?,                       ?,                       ?,                       ? )
### Cause: com.mysql.cj.jdbc.exceptions.MysqlDataTruncation: Data truncation: Out of range value for column 'retail_price' at row 1
; Data truncation: Out of range value for column 'retail_price' at row 1; nested exception is com.mysql.cj.jdbc.exceptions.MysqlDataTruncation: Data truncation: Out of range value for column 'retail_price' at row 1
org.springframework.dao.DataIntegrityViolationException: 
### Error updating database.  Cause: com.mysql.cj.jdbc.exceptions.MysqlDataTruncation: Data truncation: Out of range value for column 'retail_price' at row 1
### The error may involve org.linlinjava.litemall.db.dao.LitemallGoodsMapper.insertSelective-Inline
### The error occurred while setting parameters
### SQL: insert into litemall_goods      ( goods_sn,                       `name`,                                     gallery,                                     is_on_sale,                              pic_url,                              is_new,                       is_hot,                       unit,                       counter_price,                       retail_price,                       add_time,                       update_time )       values ( ?,                       ?,                                     ?,                                     ?,                              ?,                              ?,                       ?,                       ?,                       ?,                       ?,                       ?,                       ? )
### Cause: com.mysql.cj.jdbc.exceptions.MysqlDataTruncation: Data truncation: Out of range value for column 'retail_price' at row 1
; Data truncation: Out of range value for column 'retail_price' at row 1; nested exception is com.mysql.cj.jdbc.exceptions.MysqlDataTruncation: Data truncation: Out of range value for column 'retail_price' at row 1
	at org.springframework.jdbc.support.SQLStateSQLExceptionTranslator.doTranslate(SQLStateSQLExceptionTranslator.java:104)
	at org.springframework.jdbc.support.AbstractFallbackSQLExceptionTranslator.translate(AbstractFallbackSQLExceptionTranslator.java:72)
	at org.springframework.jdbc.support.AbstractFallbackSQLExceptionTranslator.translate(AbstractFallbackSQLExceptionTranslator.java:81)
	at org.springframework.jdbc.support.AbstractFallbackSQLExceptionTranslator.translate(AbstractFallbackSQLExceptionTranslator.java:81)
	at org.mybatis.spring.MyBatisExceptionTranslator.translateExceptionIfPossible(MyBatisExceptionTranslator.java:73)
	at org.mybatis.spring.SqlSessionTemplate$SqlSessionInterceptor.invoke(SqlSessionTemplate.java:446)
	at jdk.proxy2/jdk.proxy2.$Proxy85.insert(Unknown Source)
	at org.mybatis.spring.SqlSessionTemplate.insert(SqlSessionTemplate.java:278)
	at org.apache.ibatis.binding.MapperMethod.execute(MapperMethod.java:58)
	at org.apache.ibatis.binding.MapperProxy.invoke(MapperProxy.java:59)
	at jdk.proxy3/jdk.proxy3.$Proxy92.insertSelective(Unknown Source)
	at org.linlinjava.litemall.db.service.LitemallGoodsService.add(LitemallGoodsService.java:201)
	at org.linlinjava.litemall.admin.service.AdminGoodsService.create(AdminGoodsService.java:259)
	at org.linlinjava.litemall.admin.service.AdminGoodsService$$FastClassBySpringCGLIB$$5c76aa2c.invoke(<generated>)
	at org.springframework.cglib.proxy.MethodProxy.invoke(MethodProxy.java:218)
	at org.springframework.aop.framework.CglibAopProxy$CglibMethodInvocation.invokeJoinpoint(CglibAopProxy.java:749)
	at org.springframework.aop.framework.ReflectiveMethodInvocation.proceed(ReflectiveMethodInvocation.java:163)
	at org.springframework.transaction.interceptor.TransactionAspectSupport.invokeWithinTransaction(TransactionAspectSupport.java:295)
	at org.springframework.transaction.interceptor.TransactionInterceptor.invoke(TransactionInterceptor.java:98)
	at org.springframework.aop.framework.ReflectiveMethodInvocation.proceed(ReflectiveMethodInvocation.java:186)
	at org.springframework.aop.framework.CglibAopProxy$DynamicAdvisedInterceptor.intercept(CglibAopProxy.java:688)
	at org.linlinjava.litemall.admin.service.AdminGoodsService$$EnhancerBySpringCGLIB$$b694b457.create(<generated>)
	at org.linlinjava.litemall.admin.service.AdminGoodsService$$FastClassBySpringCGLIB$$5c76aa2c.invoke(<generated>)
	at org.springframework.cglib.proxy.MethodProxy.invoke(MethodProxy.java:218)
	at org.springframework.aop.framework.CglibAopProxy$CglibMethodInvocation.invokeJoinpoint(CglibAopProxy.java:749)
	at org.springframework.aop.framework.ReflectiveMethodInvocation.proceed(ReflectiveMethodInvocation.java:163)
	at org.springframework.transaction.interceptor.TransactionAspectSupport.invokeWithinTransaction(TransactionAspectSupport.java:295)
	at org.springframework.transaction.interceptor.TransactionInterceptor.invoke(TransactionInterceptor.java:98)
	at org.springframework.aop.framework.ReflectiveMethodInvocation.proceed(ReflectiveMethodInvocation.java:186)
	at org.springframework.aop.framework.CglibAopProxy$DynamicAdvisedInterceptor.intercept(CglibAopProxy.java:688)
	at org.linlinjava.litemall.admin.service.AdminGoodsService$$EnhancerBySpringCGLIB$$5fbbf93d.create(<generated>)
	at org.linlinjava.litemall.admin.web.AdminGoodsController.create(AdminGoodsController.java:91)
	at org.linlinjava.litemall.admin.web.AdminGoodsController$$FastClassBySpringCGLIB$$e9ecea06.invoke(<generated>)
	at org.springframework.cglib.proxy.MethodProxy.invoke(MethodProxy.java:218)
	at org.springframework.aop.framework.CglibAopProxy$CglibMethodInvocation.invokeJoinpoint(CglibAopProxy.java:749)
	at org.springframework.aop.framework.ReflectiveMethodInvocation.proceed(ReflectiveMethodInvocation.java:163)
	at org.apache.shiro.spring.security.interceptor.AopAllianceAnnotationsAuthorizingMethodInterceptor$1.proceed(AopAllianceAnnotationsAuthorizingMethodInterceptor.java:82)
	at org.apache.shiro.authz.aop.AuthorizingMethodInterceptor.invoke(AuthorizingMethodInterceptor.java:39)
	at org.apache.shiro.spring.security.interceptor.AopAllianceAnnotationsAuthorizingMethodInterceptor.invoke(AopAllianceAnnotationsAuthorizingMethodInterceptor.java:115)
	at org.springframework.aop.framework.ReflectiveMethodInvocation.proceed(ReflectiveMethodInvocation.java:186)
	at org.springframework.aop.framework.CglibAopProxy$DynamicAdvisedInterceptor.intercept(CglibAopProxy.java:688)
	at org.linlinjava.litemall.admin.web.AdminGoodsController$$EnhancerBySpringCGLIB$$814b1075.create(<generated>)
	at org.linlinjava.litemall.admin.web.AdminGoodsController$$FastClassBySpringCGLIB$$e9ecea06.invoke(<generated>)
	at org.springframework.cglib.proxy.MethodProxy.invoke(MethodProxy.java:218)
	at org.springframework.aop.framework.CglibAopProxy$CglibMethodInvocation.invokeJoinpoint(CglibAopProxy.java:749)
	at org.springframework.aop.framework.ReflectiveMethodInvocation.proceed(ReflectiveMethodInvocation.java:163)
	at org.springframework.validation.beanvalidation.MethodValidationInterceptor.invoke(MethodValidationInterceptor.java:119)
	at org.springframework.aop.framework.ReflectiveMethodInvocation.proceed(ReflectiveMethodInvocation.java:186)
	at org.apache.shiro.spring.security.interceptor.AopAllianceAnnotationsAuthorizingMethodInterceptor$1.proceed(AopAllianceAnnotationsAuthorizingMethodInterceptor.java:82)
	at org.apache.shiro.authz.aop.AuthorizingMethodInterceptor.invoke(AuthorizingMethodInterceptor.java:39)
	at org.apache.shiro.spring.security.interceptor.AopAllianceAnnotationsAuthorizingMethodInterceptor.invoke(AopAllianceAnnotationsAuthorizingMethodInterceptor.java:115)
	at org.springframework.aop.framework.ReflectiveMethodInvocation.proceed(ReflectiveMethodInvocation.java:186)
	at org.springframework.aop.framework.CglibAopProxy$DynamicAdvisedInterceptor.intercept(CglibAopProxy.java:688)
	at org.linlinjava.litemall.admin.web.AdminGoodsController$$EnhancerBySpringCGLIB$$52704bd7.create(<generated>)
	at java.base/jdk.internal.reflect.DirectMethodHandleAccessor.invoke(DirectMethodHandleAccessor.java:104)
	at java.base/java.lang.reflect.Method.invoke(Method.java:578)
	at org.springframework.web.method.support.InvocableHandlerMethod.doInvoke(InvocableHandlerMethod.java:190)
	at org.springframework.web.method.support.InvocableHandlerMethod.invokeForRequest(InvocableHandlerMethod.java:138)
	at org.springframework.web.servlet.mvc.method.annotation.ServletInvocableHandlerMethod.invokeAndHandle(ServletInvocableHandlerMethod.java:104)
	at org.springframework.web.servlet.mvc.method.annotation.RequestMappingHandlerAdapter.invokeHandlerMethod(RequestMappingHandlerAdapter.java:892)
	at org.springframework.web.servlet.mvc.method.annotation.RequestMappingHandlerAdapter.handleInternal(RequestMappingHandlerAdapter.java:797)
	at org.springframework.web.servlet.mvc.method.AbstractHandlerMethodAdapter.handle(AbstractHandlerMethodAdapter.java:87)
	at org.springframework.web.servlet.DispatcherServlet.doDispatch(DispatcherServlet.java:1039)
	at org.springframework.web.servlet.DispatcherServlet.doService(DispatcherServlet.java:942)
	at org.springframework.web.servlet.FrameworkServlet.processRequest(FrameworkServlet.java:1005)
	at org.springframework.web.servlet.FrameworkServlet.doPost(FrameworkServlet.java:908)
	at javax.servlet.http.HttpServlet.service(HttpServlet.java:660)
	at org.springframework.web.servlet.FrameworkServlet.service(FrameworkServlet.java:882)
	at javax.servlet.http.HttpServlet.service(HttpServlet.java:741)
	at org.apache.catalina.core.ApplicationFilterChain.internalDoFilter(ApplicationFilterChain.java:231)
	at org.apache.catalina.core.ApplicationFilterChain.doFilter(ApplicationFilterChain.java:166)
	at org.apache.tomcat.websocket.server.WsFilter.doFilter(WsFilter.java:53)
	at org.apache.catalina.core.ApplicationFilterChain.internalDoFilter(ApplicationFilterChain.java:193)
	at org.apache.catalina.core.ApplicationFilterChain.doFilter(ApplicationFilterChain.java:166)
	at org.apache.shiro.web.servlet.ProxiedFilterChain.doFilter(ProxiedFilterChain.java:61)
	at org.apache.shiro.web.servlet.AdviceFilter.executeChain(AdviceFilter.java:108)
	at org.apache.shiro.web.servlet.AdviceFilter.doFilterInternal(AdviceFilter.java:137)
	at org.apache.shiro.web.servlet.OncePerRequestFilter.doFilter(OncePerRequestFilter.java:125)
	at org.apache.shiro.web.servlet.ProxiedFilterChain.doFilter(ProxiedFilterChain.java:66)
	at org.apache.shiro.web.servlet.AdviceFilter.executeChain(AdviceFilter.java:108)
	at org.apache.shiro.web.servlet.AdviceFilter.doFilterInternal(AdviceFilter.java:137)
	at org.apache.shiro.web.servlet.OncePerRequestFilter.doFilter(OncePerRequestFilter.java:125)
	at org.apache.shiro.web.servlet.ProxiedFilterChain.doFilter(ProxiedFilterChain.java:66)
	at org.apache.shiro.web.servlet.AbstractShiroFilter.executeChain(AbstractShiroFilter.java:450)
	at org.apache.shiro.web.servlet.AbstractShiroFilter$1.call(AbstractShiroFilter.java:365)
	at org.apache.shiro.subject.support.SubjectCallable.doCall(SubjectCallable.java:90)
	at org.apache.shiro.subject.support.SubjectCallable.call(SubjectCallable.java:83)
	at org.apache.shiro.subject.support.DelegatingSubject.execute(DelegatingSubject.java:387)
	at org.apache.shiro.web.servlet.AbstractShiroFilter.doFilterInternal(AbstractShiroFilter.java:362)
	at org.apache.shiro.web.servlet.OncePerRequestFilter.doFilter(OncePerRequestFilter.java:125)
	at org.apache.catalina.core.ApplicationFilterChain.internalDoFilter(ApplicationFilterChain.java:193)
	at org.apache.catalina.core.ApplicationFilterChain.doFilter(ApplicationFilterChain.java:166)
	at com.github.xiaoymin.swaggerbootstrapui.filter.SecurityBasicAuthFilter.doFilter(SecurityBasicAuthFilter.java:84)
	at org.apache.catalina.core.ApplicationFilterChain.internalDoFilter(ApplicationFilterChain.java:193)
	at org.apache.catalina.core.ApplicationFilterChain.doFilter(ApplicationFilterChain.java:166)
	at com.github.xiaoymin.swaggerbootstrapui.filter.ProductionSecurityFilter.doFilter(ProductionSecurityFilter.java:53)
	at org.apache.catalina.core.ApplicationFilterChain.internalDoFilter(ApplicationFilterChain.java:193)
	at org.apache.catalina.core.ApplicationFilterChain.doFilter(ApplicationFilterChain.java:166)
	at org.springframework.web.filter.CorsFilter.doFilterInternal(CorsFilter.java:96)
	at org.springframework.web.filter.OncePerRequestFilter.doFilter(OncePerRequestFilter.java:107)
	at org.apache.catalina.core.ApplicationFilterChain.internalDoFilter(ApplicationFilterChain.java:193)
	at org.apache.catalina.core.ApplicationFilterChain.doFilter(ApplicationFilterChain.java:166)
	at com.alibaba.druid.support.http.WebStatFilter.doFilter(WebStatFilter.java:124)
	at org.apache.catalina.core.ApplicationFilterChain.internalDoFilter(ApplicationFilterChain.java:193)
	at org.apache.catalina.core.ApplicationFilterChain.doFilter(ApplicationFilterChain.java:166)
	at org.springframework.web.filter.RequestContextFilter.doFilterInternal(RequestContextFilter.java:99)
	at org.springframework.web.filter.OncePerRequestFilter.doFilter(OncePerRequestFilter.java:107)
	at org.apache.catalina.core.ApplicationFilterChain.internalDoFilter(ApplicationFilterChain.java:193)
	at org.apache.catalina.core.ApplicationFilterChain.doFilter(ApplicationFilterChain.java:166)
	at org.springframework.web.filter.FormContentFilter.doFilterInternal(FormContentFilter.java:92)
	at org.springframework.web.filter.OncePerRequestFilter.doFilter(OncePerRequestFilter.java:107)
	at org.apache.catalina.core.ApplicationFilterChain.internalDoFilter(ApplicationFilterChain.java:193)
	at org.apache.catalina.core.ApplicationFilterChain.doFilter(ApplicationFilterChain.java:166)
	at org.springframework.web.filter.HiddenHttpMethodFilter.doFilterInternal(HiddenHttpMethodFilter.java:93)
	at org.springframework.web.filter.OncePerRequestFilter.doFilter(OncePerRequestFilter.java:107)
	at org.apache.catalina.core.ApplicationFilterChain.internalDoFilter(ApplicationFilterChain.java:193)
	at org.apache.catalina.core.ApplicationFilterChain.doFilter(ApplicationFilterChain.java:166)
	at org.springframework.web.filter.CharacterEncodingFilter.doFilterInternal(CharacterEncodingFilter.java:200)
	at org.springframework.web.filter.OncePerRequestFilter.doFilter(OncePerRequestFilter.java:107)
	at org.apache.catalina.core.ApplicationFilterChain.internalDoFilter(ApplicationFilterChain.java:193)
	at org.apache.catalina.core.ApplicationFilterChain.doFilter(ApplicationFilterChain.java:166)
	at org.apache.catalina.core.StandardWrapperValve.invoke(StandardWrapperValve.java:200)
	at org.apache.catalina.core.StandardContextValve.invoke(StandardContextValve.java:96)
	at org.apache.catalina.authenticator.AuthenticatorBase.invoke(AuthenticatorBase.java:490)
	at org.apache.catalina.core.StandardHostValve.invoke(StandardHostValve.java:139)
	at org.apache.catalina.valves.ErrorReportValve.invoke(ErrorReportValve.java:92)
	at org.apache.catalina.core.StandardEngineValve.invoke(StandardEngineValve.java:74)
	at org.apache.catalina.connector.CoyoteAdapter.service(CoyoteAdapter.java:343)
	at org.apache.coyote.http11.Http11Processor.service(Http11Processor.java:408)
	at org.apache.coyote.AbstractProcessorLight.process(AbstractProcessorLight.java:66)
	at org.apache.coyote.AbstractProtocol$ConnectionHandler.process(AbstractProtocol.java:836)
	at org.apache.tomcat.util.net.NioEndpoint$SocketProcessor.doRun(NioEndpoint.java:1747)
	at org.apache.tomcat.util.net.SocketProcessorBase.run(SocketProcessorBase.java:49)
	at java.base/java.util.concurrent.ThreadPoolExecutor.runWorker(ThreadPoolExecutor.java:1144)
	at java.base/java.util.concurrent.ThreadPoolExecutor$Worker.run(ThreadPoolExecutor.java:642)
	at org.apache.tomcat.util.threads.TaskThread$WrappingRunnable.run(TaskThread.java:61)
	at java.base/java.lang.Thread.run(Thread.java:1589)
Caused by: com.mysql.cj.jdbc.exceptions.MysqlDataTruncation: Data truncation: Out of range value for column 'retail_price' at row 1
	at com.mysql.cj.jdbc.exceptions.SQLExceptionsMapping.translateException(SQLExceptionsMapping.java:104)
	at com.mysql.cj.jdbc.ClientPreparedStatement.executeInternal(ClientPreparedStatement.java:953)
	at com.mysql.cj.jdbc.ClientPreparedStatement.execute(ClientPreparedStatement.java:371)
	at com.alibaba.druid.pool.DruidPooledPreparedStatement.execute(DruidPooledPreparedStatement.java:497)
	at org.apache.ibatis.executor.statement.PreparedStatementHandler.update(PreparedStatementHandler.java:46)
	at org.apache.ibatis.executor.statement.RoutingStatementHandler.update(RoutingStatementHandler.java:74)
	at org.apache.ibatis.executor.SimpleExecutor.doUpdate(SimpleExecutor.java:50)
	at org.apache.ibatis.executor.BaseExecutor.update(BaseExecutor.java:117)
	at org.apache.ibatis.executor.CachingExecutor.update(CachingExecutor.java:76)
	at java.base/jdk.internal.reflect.DirectMethodHandleAccessor.invoke(DirectMethodHandleAccessor.java:104)
	at java.base/java.lang.reflect.Method.invoke(Method.java:578)
	at org.apache.ibatis.plugin.Plugin.invoke(Plugin.java:63)
	at jdk.proxy2/jdk.proxy2.$Proxy167.update(Unknown Source)
	at org.apache.ibatis.session.defaults.DefaultSqlSession.update(DefaultSqlSession.java:198)
	at org.apache.ibatis.session.defaults.DefaultSqlSession.insert(DefaultSqlSession.java:185)
	at java.base/jdk.internal.reflect.DirectMethodHandleAccessor.invoke(DirectMethodHandleAccessor.java:104)
	at java.base/java.lang.reflect.Method.invoke(Method.java:578)
	at org.mybatis.spring.SqlSessionTemplate$SqlSessionInterceptor.invoke(SqlSessionTemplate.java:433)
	... 131 common frames omitted
2024-03-29 16:11:08,529 ERROR [http-nio-8080-exec-4] c.a.d.pool.DruidAbstractDataSource [DruidAbstractDataSource.java : 1488] discard long time none received connection. , jdbcUrl : jdbc:mysql://localhost:3306/litemall?useUnicode=true&characterEncoding=UTF-8&serverTimezone=Asia/Shanghai&allowPublicKeyRetrieval=true&verifyServerCertificate=false&useSSL=false, jdbcUrl : jdbc:mysql://localhost:3306/litemall?useUnicode=true&characterEncoding=UTF-8&serverTimezone=Asia/Shanghai&allowPublicKeyRetrieval=true&verifyServerCertificate=false&useSSL=false, lastPacketReceivedIdleMillis : 1140922
2024-03-29 16:15:20,409 ERROR [http-nio-8080-exec-9] c.a.d.pool.DruidAbstractDataSource [DruidAbstractDataSource.java : 1488] discard long time none received connection. , jdbcUrl : jdbc:mysql://localhost:3306/litemall?useUnicode=true&characterEncoding=UTF-8&serverTimezone=Asia/Shanghai&allowPublicKeyRetrieval=true&verifyServerCertificate=false&useSSL=false, jdbcUrl : jdbc:mysql://localhost:3306/litemall?useUnicode=true&characterEncoding=UTF-8&serverTimezone=Asia/Shanghai&allowPublicKeyRetrieval=true&verifyServerCertificate=false&useSSL=false, lastPacketReceivedIdleMillis : 60002
2024-03-29 16:19:52,732 INFO [scheduling-1] o.l.litemall.admin.job.CouponJob [CouponJob.java : 36] 系统开启任务检查优惠券是否已经过期
2024-03-29 16:19:52,737 INFO [scheduling-1] o.l.litemall.admin.job.CouponJob [CouponJob.java : 50] 系统结束任务检查优惠券是否已经过期
2024-03-29 16:22:20,408 ERROR [http-nio-8080-exec-1] c.a.d.pool.DruidAbstractDataSource [DruidAbstractDataSource.java : 1488] discard long time none received connection. , jdbcUrl : jdbc:mysql://localhost:3306/litemall?useUnicode=true&characterEncoding=UTF-8&serverTimezone=Asia/Shanghai&allowPublicKeyRetrieval=true&verifyServerCertificate=false&useSSL=false, jdbcUrl : jdbc:mysql://localhost:3306/litemall?useUnicode=true&characterEncoding=UTF-8&serverTimezone=Asia/Shanghai&allowPublicKeyRetrieval=true&verifyServerCertificate=false&useSSL=false, lastPacketReceivedIdleMillis : 60014
2024-03-29 16:38:10,393 ERROR [http-nio-8080-exec-8] c.a.d.pool.DruidAbstractDataSource [DruidAbstractDataSource.java : 1488] discard long time none received connection. , jdbcUrl : jdbc:mysql://localhost:3306/litemall?useUnicode=true&characterEncoding=UTF-8&serverTimezone=Asia/Shanghai&allowPublicKeyRetrieval=true&verifyServerCertificate=false&useSSL=false, jdbcUrl : jdbc:mysql://localhost:3306/litemall?useUnicode=true&characterEncoding=UTF-8&serverTimezone=Asia/Shanghai&allowPublicKeyRetrieval=true&verifyServerCertificate=false&useSSL=false, lastPacketReceivedIdleMillis : 60984
2024-03-29 16:38:10,393 ERROR [http-nio-8080-exec-8] c.a.d.pool.DruidAbstractDataSource [DruidAbstractDataSource.java : 1488] discard long time none received connection. , jdbcUrl : jdbc:mysql://localhost:3306/litemall?useUnicode=true&characterEncoding=UTF-8&serverTimezone=Asia/Shanghai&allowPublicKeyRetrieval=true&verifyServerCertificate=false&useSSL=false, jdbcUrl : jdbc:mysql://localhost:3306/litemall?useUnicode=true&characterEncoding=UTF-8&serverTimezone=Asia/Shanghai&allowPublicKeyRetrieval=true&verifyServerCertificate=false&useSSL=false, lastPacketReceivedIdleMillis : 426837
2024-03-29 19:39:32,805 INFO [restartedMain] org.linlinjava.litemall.Application [SpringApplication.java : 679] The following profiles are active: db,core,admin,wx
2024-03-29 19:39:39,046 INFO [scheduling-1] o.l.litemall.admin.job.CouponJob [CouponJob.java : 36] 系统开启任务检查优惠券是否已经过期
2024-03-29 19:39:39,061 INFO [scheduling-1] o.l.litemall.admin.job.CouponJob [CouponJob.java : 50] 系统结束任务检查优惠券是否已经过期
2024-03-29 19:39:39,077 INFO [restartedMain] org.linlinjava.litemall.Application [StartupInfoLogger.java : 59] Started Application in 7.62 seconds (JVM running for 8.707)
2024-03-29 19:42:39,510 ERROR [http-nio-8080-exec-10] c.a.d.pool.DruidAbstractDataSource [DruidAbstractDataSource.java : 1488] discard long time none received connection. , jdbcUrl : jdbc:mysql://localhost:3306/litemall?useUnicode=true&characterEncoding=UTF-8&serverTimezone=Asia/Shanghai&allowPublicKeyRetrieval=true&verifyServerCertificate=false&useSSL=false, jdbcUrl : jdbc:mysql://localhost:3306/litemall?useUnicode=true&characterEncoding=UTF-8&serverTimezone=Asia/Shanghai&allowPublicKeyRetrieval=true&verifyServerCertificate=false&useSSL=false, lastPacketReceivedIdleMillis : 124974
2024-03-29 19:46:00,432 ERROR [http-nio-8080-exec-3] c.a.d.pool.DruidAbstractDataSource [DruidAbstractDataSource.java : 1488] discard long time none received connection. , jdbcUrl : jdbc:mysql://localhost:3306/litemall?useUnicode=true&characterEncoding=UTF-8&serverTimezone=Asia/Shanghai&allowPublicKeyRetrieval=true&verifyServerCertificate=false&useSSL=false, jdbcUrl : jdbc:mysql://localhost:3306/litemall?useUnicode=true&characterEncoding=UTF-8&serverTimezone=Asia/Shanghai&allowPublicKeyRetrieval=true&verifyServerCertificate=false&useSSL=false, lastPacketReceivedIdleMillis : 170025
2024-03-29 19:46:00,432 ERROR [http-nio-8080-exec-3] c.a.d.pool.DruidAbstractDataSource [DruidAbstractDataSource.java : 1488] discard long time none received connection. , jdbcUrl : jdbc:mysql://localhost:3306/litemall?useUnicode=true&characterEncoding=UTF-8&serverTimezone=Asia/Shanghai&allowPublicKeyRetrieval=true&verifyServerCertificate=false&useSSL=false, jdbcUrl : jdbc:mysql://localhost:3306/litemall?useUnicode=true&characterEncoding=UTF-8&serverTimezone=Asia/Shanghai&allowPublicKeyRetrieval=true&verifyServerCertificate=false&useSSL=false, lastPacketReceivedIdleMillis : 200919
2024-03-29 19:46:00,432 ERROR [http-nio-8080-exec-3] c.a.d.pool.DruidAbstractDataSource [DruidAbstractDataSource.java : 1488] discard long time none received connection. , jdbcUrl : jdbc:mysql://localhost:3306/litemall?useUnicode=true&characterEncoding=UTF-8&serverTimezone=Asia/Shanghai&allowPublicKeyRetrieval=true&verifyServerCertificate=false&useSSL=false, jdbcUrl : jdbc:mysql://localhost:3306/litemall?useUnicode=true&characterEncoding=UTF-8&serverTimezone=Asia/Shanghai&allowPublicKeyRetrieval=true&verifyServerCertificate=false&useSSL=false, lastPacketReceivedIdleMillis : 384888
2024-03-29 19:46:00,432 ERROR [http-nio-8080-exec-3] c.a.d.pool.DruidAbstractDataSource [DruidAbstractDataSource.java : 1488] discard long time none received connection. , jdbcUrl : jdbc:mysql://localhost:3306/litemall?useUnicode=true&characterEncoding=UTF-8&serverTimezone=Asia/Shanghai&allowPublicKeyRetrieval=true&verifyServerCertificate=false&useSSL=false, jdbcUrl : jdbc:mysql://localhost:3306/litemall?useUnicode=true&characterEncoding=UTF-8&serverTimezone=Asia/Shanghai&allowPublicKeyRetrieval=true&verifyServerCertificate=false&useSSL=false, lastPacketReceivedIdleMillis : 384903
2024-03-29 19:46:00,432 ERROR [http-nio-8080-exec-3] c.a.d.pool.DruidAbstractDataSource [DruidAbstractDataSource.java : 1488] discard long time none received connection. , jdbcUrl : jdbc:mysql://localhost:3306/litemall?useUnicode=true&characterEncoding=UTF-8&serverTimezone=Asia/Shanghai&allowPublicKeyRetrieval=true&verifyServerCertificate=false&useSSL=false, jdbcUrl : jdbc:mysql://localhost:3306/litemall?useUnicode=true&characterEncoding=UTF-8&serverTimezone=Asia/Shanghai&allowPublicKeyRetrieval=true&verifyServerCertificate=false&useSSL=false, lastPacketReceivedIdleMillis : 384903
2024-03-29 19:46:00,448 ERROR [http-nio-8080-exec-3] c.a.d.pool.DruidAbstractDataSource [DruidAbstractDataSource.java : 1488] discard long time none received connection. , jdbcUrl : jdbc:mysql://localhost:3306/litemall?useUnicode=true&characterEncoding=UTF-8&serverTimezone=Asia/Shanghai&allowPublicKeyRetrieval=true&verifyServerCertificate=false&useSSL=false, jdbcUrl : jdbc:mysql://localhost:3306/litemall?useUnicode=true&characterEncoding=UTF-8&serverTimezone=Asia/Shanghai&allowPublicKeyRetrieval=true&verifyServerCertificate=false&useSSL=false, lastPacketReceivedIdleMillis : 384919
2024-03-29 19:55:02,399 ERROR [http-nio-8080-exec-6] c.a.d.pool.DruidAbstractDataSource [DruidAbstractDataSource.java : 1488] discard long time none received connection. , jdbcUrl : jdbc:mysql://localhost:3306/litemall?useUnicode=true&characterEncoding=UTF-8&serverTimezone=Asia/Shanghai&allowPublicKeyRetrieval=true&verifyServerCertificate=false&useSSL=false, jdbcUrl : jdbc:mysql://localhost:3306/litemall?useUnicode=true&characterEncoding=UTF-8&serverTimezone=Asia/Shanghai&allowPublicKeyRetrieval=true&verifyServerCertificate=false&useSSL=false, lastPacketReceivedIdleMillis : 61001
2024-03-29 19:55:02,399 ERROR [http-nio-8080-exec-6] c.a.d.pool.DruidAbstractDataSource [DruidAbstractDataSource.java : 1488] discard long time none received connection. , jdbcUrl : jdbc:mysql://localhost:3306/litemall?useUnicode=true&characterEncoding=UTF-8&serverTimezone=Asia/Shanghai&allowPublicKeyRetrieval=true&verifyServerCertificate=false&useSSL=false, jdbcUrl : jdbc:mysql://localhost:3306/litemall?useUnicode=true&characterEncoding=UTF-8&serverTimezone=Asia/Shanghai&allowPublicKeyRetrieval=true&verifyServerCertificate=false&useSSL=false, lastPacketReceivedIdleMillis : 926870
2024-03-29 19:55:02,399 ERROR [http-nio-8080-exec-6] c.a.d.pool.DruidAbstractDataSource [DruidAbstractDataSource.java : 1488] discard long time none received connection. , jdbcUrl : jdbc:mysql://localhost:3306/litemall?useUnicode=true&characterEncoding=UTF-8&serverTimezone=Asia/Shanghai&allowPublicKeyRetrieval=true&verifyServerCertificate=false&useSSL=false, jdbcUrl : jdbc:mysql://localhost:3306/litemall?useUnicode=true&characterEncoding=UTF-8&serverTimezone=Asia/Shanghai&allowPublicKeyRetrieval=true&verifyServerCertificate=false&useSSL=false, lastPacketReceivedIdleMillis : 926870
2024-03-29 19:55:02,399 ERROR [http-nio-8080-exec-6] c.a.d.pool.DruidAbstractDataSource [DruidAbstractDataSource.java : 1488] discard long time none received connection. , jdbcUrl : jdbc:mysql://localhost:3306/litemall?useUnicode=true&characterEncoding=UTF-8&serverTimezone=Asia/Shanghai&allowPublicKeyRetrieval=true&verifyServerCertificate=false&useSSL=false, jdbcUrl : jdbc:mysql://localhost:3306/litemall?useUnicode=true&characterEncoding=UTF-8&serverTimezone=Asia/Shanghai&allowPublicKeyRetrieval=true&verifyServerCertificate=false&useSSL=false, lastPacketReceivedIdleMillis : 926886
2024-03-29 19:55:02,399 ERROR [http-nio-8080-exec-6] c.a.d.pool.DruidAbstractDataSource [DruidAbstractDataSource.java : 1488] discard long time none received connection. , jdbcUrl : jdbc:mysql://localhost:3306/litemall?useUnicode=true&characterEncoding=UTF-8&serverTimezone=Asia/Shanghai&allowPublicKeyRetrieval=true&verifyServerCertificate=false&useSSL=false, jdbcUrl : jdbc:mysql://localhost:3306/litemall?useUnicode=true&characterEncoding=UTF-8&serverTimezone=Asia/Shanghai&allowPublicKeyRetrieval=true&verifyServerCertificate=false&useSSL=false, lastPacketReceivedIdleMillis : 926886
2024-03-29 19:56:03,577 ERROR [http-nio-8080-exec-5] c.a.d.pool.DruidAbstractDataSource [DruidAbstractDataSource.java : 1488] discard long time none received connection. , jdbcUrl : jdbc:mysql://localhost:3306/litemall?useUnicode=true&characterEncoding=UTF-8&serverTimezone=Asia/Shanghai&allowPublicKeyRetrieval=true&verifyServerCertificate=false&useSSL=false, jdbcUrl : jdbc:mysql://localhost:3306/litemall?useUnicode=true&characterEncoding=UTF-8&serverTimezone=Asia/Shanghai&allowPublicKeyRetrieval=true&verifyServerCertificate=false&useSSL=false, lastPacketReceivedIdleMillis : 61178
2024-03-29 19:57:04,400 ERROR [http-nio-8080-exec-4] c.a.d.pool.DruidAbstractDataSource [DruidAbstractDataSource.java : 1488] discard long time none received connection. , jdbcUrl : jdbc:mysql://localhost:3306/litemall?useUnicode=true&characterEncoding=UTF-8&serverTimezone=Asia/Shanghai&allowPublicKeyRetrieval=true&verifyServerCertificate=false&useSSL=false, jdbcUrl : jdbc:mysql://localhost:3306/litemall?useUnicode=true&characterEncoding=UTF-8&serverTimezone=Asia/Shanghai&allowPublicKeyRetrieval=true&verifyServerCertificate=false&useSSL=false, lastPacketReceivedIdleMillis : 60823
2024-03-29 19:58:05,398 ERROR [http-nio-8080-exec-7] c.a.d.pool.DruidAbstractDataSource [DruidAbstractDataSource.java : 1488] discard long time none received connection. , jdbcUrl : jdbc:mysql://localhost:3306/litemall?useUnicode=true&characterEncoding=UTF-8&serverTimezone=Asia/Shanghai&allowPublicKeyRetrieval=true&verifyServerCertificate=false&useSSL=false, jdbcUrl : jdbc:mysql://localhost:3306/litemall?useUnicode=true&characterEncoding=UTF-8&serverTimezone=Asia/Shanghai&allowPublicKeyRetrieval=true&verifyServerCertificate=false&useSSL=false, lastPacketReceivedIdleMillis : 60998
2024-03-29 19:59:06,400 ERROR [http-nio-8080-exec-8] c.a.d.pool.DruidAbstractDataSource [DruidAbstractDataSource.java : 1488] discard long time none received connection. , jdbcUrl : jdbc:mysql://localhost:3306/litemall?useUnicode=true&characterEncoding=UTF-8&serverTimezone=Asia/Shanghai&allowPublicKeyRetrieval=true&verifyServerCertificate=false&useSSL=false, jdbcUrl : jdbc:mysql://localhost:3306/litemall?useUnicode=true&characterEncoding=UTF-8&serverTimezone=Asia/Shanghai&allowPublicKeyRetrieval=true&verifyServerCertificate=false&useSSL=false, lastPacketReceivedIdleMillis : 61002
2024-03-29 20:00:07,401 ERROR [http-nio-8080-exec-9] c.a.d.pool.DruidAbstractDataSource [DruidAbstractDataSource.java : 1488] discard long time none received connection. , jdbcUrl : jdbc:mysql://localhost:3306/litemall?useUnicode=true&characterEncoding=UTF-8&serverTimezone=Asia/Shanghai&allowPublicKeyRetrieval=true&verifyServerCertificate=false&useSSL=false, jdbcUrl : jdbc:mysql://localhost:3306/litemall?useUnicode=true&characterEncoding=UTF-8&serverTimezone=Asia/Shanghai&allowPublicKeyRetrieval=true&verifyServerCertificate=false&useSSL=false, lastPacketReceivedIdleMillis : 61001
2024-03-29 20:01:07,605 ERROR [http-nio-8080-exec-1] c.a.d.pool.DruidAbstractDataSource [DruidAbstractDataSource.java : 1488] discard long time none received connection. , jdbcUrl : jdbc:mysql://localhost:3306/litemall?useUnicode=true&characterEncoding=UTF-8&serverTimezone=Asia/Shanghai&allowPublicKeyRetrieval=true&verifyServerCertificate=false&useSSL=false, jdbcUrl : jdbc:mysql://localhost:3306/litemall?useUnicode=true&characterEncoding=UTF-8&serverTimezone=Asia/Shanghai&allowPublicKeyRetrieval=true&verifyServerCertificate=false&useSSL=false, lastPacketReceivedIdleMillis : 60204
2024-03-29 20:03:02,403 ERROR [http-nio-8080-exec-6] c.a.d.pool.DruidAbstractDataSource [DruidAbstractDataSource.java : 1488] discard long time none received connection. , jdbcUrl : jdbc:mysql://localhost:3306/litemall?useUnicode=true&characterEncoding=UTF-8&serverTimezone=Asia/Shanghai&allowPublicKeyRetrieval=true&verifyServerCertificate=false&useSSL=false, jdbcUrl : jdbc:mysql://localhost:3306/litemall?useUnicode=true&characterEncoding=UTF-8&serverTimezone=Asia/Shanghai&allowPublicKeyRetrieval=true&verifyServerCertificate=false&useSSL=false, lastPacketReceivedIdleMillis : 61003
2024-03-29 20:04:03,407 ERROR [http-nio-8080-exec-5] c.a.d.pool.DruidAbstractDataSource [DruidAbstractDataSource.java : 1488] discard long time none received connection. , jdbcUrl : jdbc:mysql://localhost:3306/litemall?useUnicode=true&characterEncoding=UTF-8&serverTimezone=Asia/Shanghai&allowPublicKeyRetrieval=true&verifyServerCertificate=false&useSSL=false, jdbcUrl : jdbc:mysql://localhost:3306/litemall?useUnicode=true&characterEncoding=UTF-8&serverTimezone=Asia/Shanghai&allowPublicKeyRetrieval=true&verifyServerCertificate=false&useSSL=false, lastPacketReceivedIdleMillis : 61004
2024-03-29 20:05:04,397 ERROR [http-nio-8080-exec-4] c.a.d.pool.DruidAbstractDataSource [DruidAbstractDataSource.java : 1488] discard long time none received connection. , jdbcUrl : jdbc:mysql://localhost:3306/litemall?useUnicode=true&characterEncoding=UTF-8&serverTimezone=Asia/Shanghai&allowPublicKeyRetrieval=true&verifyServerCertificate=false&useSSL=false, jdbcUrl : jdbc:mysql://localhost:3306/litemall?useUnicode=true&characterEncoding=UTF-8&serverTimezone=Asia/Shanghai&allowPublicKeyRetrieval=true&verifyServerCertificate=false&useSSL=false, lastPacketReceivedIdleMillis : 60990
2024-03-29 20:06:05,404 ERROR [http-nio-8080-exec-7] c.a.d.pool.DruidAbstractDataSource [DruidAbstractDataSource.java : 1488] discard long time none received connection. , jdbcUrl : jdbc:mysql://localhost:3306/litemall?useUnicode=true&characterEncoding=UTF-8&serverTimezone=Asia/Shanghai&allowPublicKeyRetrieval=true&verifyServerCertificate=false&useSSL=false, jdbcUrl : jdbc:mysql://localhost:3306/litemall?useUnicode=true&characterEncoding=UTF-8&serverTimezone=Asia/Shanghai&allowPublicKeyRetrieval=true&verifyServerCertificate=false&useSSL=false, lastPacketReceivedIdleMillis : 61007
2024-03-29 20:07:06,406 ERROR [http-nio-8080-exec-8] c.a.d.pool.DruidAbstractDataSource [DruidAbstractDataSource.java : 1488] discard long time none received connection. , jdbcUrl : jdbc:mysql://localhost:3306/litemall?useUnicode=true&characterEncoding=UTF-8&serverTimezone=Asia/Shanghai&allowPublicKeyRetrieval=true&verifyServerCertificate=false&useSSL=false, jdbcUrl : jdbc:mysql://localhost:3306/litemall?useUnicode=true&characterEncoding=UTF-8&serverTimezone=Asia/Shanghai&allowPublicKeyRetrieval=true&verifyServerCertificate=false&useSSL=false, lastPacketReceivedIdleMillis : 61002
2024-03-29 20:13:20,404 ERROR [http-nio-8080-exec-3] c.a.d.pool.DruidAbstractDataSource [DruidAbstractDataSource.java : 1488] discard long time none received connection. , jdbcUrl : jdbc:mysql://localhost:3306/litemall?useUnicode=true&characterEncoding=UTF-8&serverTimezone=Asia/Shanghai&allowPublicKeyRetrieval=true&verifyServerCertificate=false&useSSL=false, jdbcUrl : jdbc:mysql://localhost:3306/litemall?useUnicode=true&characterEncoding=UTF-8&serverTimezone=Asia/Shanghai&allowPublicKeyRetrieval=true&verifyServerCertificate=false&useSSL=false, lastPacketReceivedIdleMillis : 60005
2024-03-29 20:14:20,566 ERROR [http-nio-8080-exec-5] c.a.d.pool.DruidAbstractDataSource [DruidAbstractDataSource.java : 1488] discard long time none received connection. , jdbcUrl : jdbc:mysql://localhost:3306/litemall?useUnicode=true&characterEncoding=UTF-8&serverTimezone=Asia/Shanghai&allowPublicKeyRetrieval=true&verifyServerCertificate=false&useSSL=false, jdbcUrl : jdbc:mysql://localhost:3306/litemall?useUnicode=true&characterEncoding=UTF-8&serverTimezone=Asia/Shanghai&allowPublicKeyRetrieval=true&verifyServerCertificate=false&useSSL=false, lastPacketReceivedIdleMillis : 60147
2024-03-29 20:32:20,409 ERROR [http-nio-8080-exec-3] c.a.d.pool.DruidAbstractDataSource [DruidAbstractDataSource.java : 1488] discard long time none received connection. , jdbcUrl : jdbc:mysql://localhost:3306/litemall?useUnicode=true&characterEncoding=UTF-8&serverTimezone=Asia/Shanghai&allowPublicKeyRetrieval=true&verifyServerCertificate=false&useSSL=false, jdbcUrl : jdbc:mysql://localhost:3306/litemall?useUnicode=true&characterEncoding=UTF-8&serverTimezone=Asia/Shanghai&allowPublicKeyRetrieval=true&verifyServerCertificate=false&useSSL=false, lastPacketReceivedIdleMillis : 60031
2024-03-29 20:36:20,402 ERROR [http-nio-8080-exec-7] c.a.d.pool.DruidAbstractDataSource [DruidAbstractDataSource.java : 1488] discard long time none received connection. , jdbcUrl : jdbc:mysql://localhost:3306/litemall?useUnicode=true&characterEncoding=UTF-8&serverTimezone=Asia/Shanghai&allowPublicKeyRetrieval=true&verifyServerCertificate=false&useSSL=false, jdbcUrl : jdbc:mysql://localhost:3306/litemall?useUnicode=true&characterEncoding=UTF-8&serverTimezone=Asia/Shanghai&allowPublicKeyRetrieval=true&verifyServerCertificate=false&useSSL=false, lastPacketReceivedIdleMillis : 60009
2024-03-29 20:39:39,080 INFO [scheduling-1] o.l.litemall.admin.job.CouponJob [CouponJob.java : 36] 系统开启任务检查优惠券是否已经过期
2024-03-29 20:39:39,080 INFO [scheduling-1] o.l.litemall.admin.job.CouponJob [CouponJob.java : 50] 系统结束任务检查优惠券是否已经过期
2024-03-29 20:47:07,562 ERROR [http-nio-8080-exec-3] c.a.d.pool.DruidAbstractDataSource [DruidAbstractDataSource.java : 1488] discard long time none received connection. , jdbcUrl : jdbc:mysql://localhost:3306/litemall?useUnicode=true&characterEncoding=UTF-8&serverTimezone=Asia/Shanghai&allowPublicKeyRetrieval=true&verifyServerCertificate=false&useSSL=false, jdbcUrl : jdbc:mysql://localhost:3306/litemall?useUnicode=true&characterEncoding=UTF-8&serverTimezone=Asia/Shanghai&allowPublicKeyRetrieval=true&verifyServerCertificate=false&useSSL=false, lastPacketReceivedIdleMillis : 255774
2024-03-29 20:47:07,562 ERROR [http-nio-8080-exec-3] c.a.d.pool.DruidAbstractDataSource [DruidAbstractDataSource.java : 1488] discard long time none received connection. , jdbcUrl : jdbc:mysql://localhost:3306/litemall?useUnicode=true&characterEncoding=UTF-8&serverTimezone=Asia/Shanghai&allowPublicKeyRetrieval=true&verifyServerCertificate=false&useSSL=false, jdbcUrl : jdbc:mysql://localhost:3306/litemall?useUnicode=true&characterEncoding=UTF-8&serverTimezone=Asia/Shanghai&allowPublicKeyRetrieval=true&verifyServerCertificate=false&useSSL=false, lastPacketReceivedIdleMillis : 365153
2024-03-29 20:51:20,397 ERROR [http-nio-8080-exec-4] c.a.d.pool.DruidAbstractDataSource [DruidAbstractDataSource.java : 1488] discard long time none received connection. , jdbcUrl : jdbc:mysql://localhost:3306/litemall?useUnicode=true&characterEncoding=UTF-8&serverTimezone=Asia/Shanghai&allowPublicKeyRetrieval=true&verifyServerCertificate=false&useSSL=false, jdbcUrl : jdbc:mysql://localhost:3306/litemall?useUnicode=true&characterEncoding=UTF-8&serverTimezone=Asia/Shanghai&allowPublicKeyRetrieval=true&verifyServerCertificate=false&useSSL=false, lastPacketReceivedIdleMillis : 60001
2024-03-29 20:51:20,397 ERROR [http-nio-8080-exec-4] c.a.d.pool.DruidAbstractDataSource [DruidAbstractDataSource.java : 1488] discard long time none received connection. , jdbcUrl : jdbc:mysql://localhost:3306/litemall?useUnicode=true&characterEncoding=UTF-8&serverTimezone=Asia/Shanghai&allowPublicKeyRetrieval=true&verifyServerCertificate=false&useSSL=false, jdbcUrl : jdbc:mysql://localhost:3306/litemall?useUnicode=true&characterEncoding=UTF-8&serverTimezone=Asia/Shanghai&allowPublicKeyRetrieval=true&verifyServerCertificate=false&useSSL=false, lastPacketReceivedIdleMillis : 240938
2024-03-29 20:52:20,407 ERROR [http-nio-8080-exec-7] c.a.d.pool.DruidAbstractDataSource [DruidAbstractDataSource.java : 1488] discard long time none received connection. , jdbcUrl : jdbc:mysql://localhost:3306/litemall?useUnicode=true&characterEncoding=UTF-8&serverTimezone=Asia/Shanghai&allowPublicKeyRetrieval=true&verifyServerCertificate=false&useSSL=false, jdbcUrl : jdbc:mysql://localhost:3306/litemall?useUnicode=true&characterEncoding=UTF-8&serverTimezone=Asia/Shanghai&allowPublicKeyRetrieval=true&verifyServerCertificate=false&useSSL=false, lastPacketReceivedIdleMillis : 60010
2024-03-29 20:54:20,402 ERROR [http-nio-8080-exec-9] c.a.d.pool.DruidAbstractDataSource [DruidAbstractDataSource.java : 1488] discard long time none received connection. , jdbcUrl : jdbc:mysql://localhost:3306/litemall?useUnicode=true&characterEncoding=UTF-8&serverTimezone=Asia/Shanghai&allowPublicKeyRetrieval=true&verifyServerCertificate=false&useSSL=false, jdbcUrl : jdbc:mysql://localhost:3306/litemall?useUnicode=true&characterEncoding=UTF-8&serverTimezone=Asia/Shanghai&allowPublicKeyRetrieval=true&verifyServerCertificate=false&useSSL=false, lastPacketReceivedIdleMillis : 60008
2024-03-29 21:03:22,124 ERROR [http-nio-8080-exec-1] c.a.d.pool.DruidAbstractDataSource [DruidAbstractDataSource.java : 1488] discard long time none received connection. , jdbcUrl : jdbc:mysql://localhost:3306/litemall?useUnicode=true&characterEncoding=UTF-8&serverTimezone=Asia/Shanghai&allowPublicKeyRetrieval=true&verifyServerCertificate=false&useSSL=false, jdbcUrl : jdbc:mysql://localhost:3306/litemall?useUnicode=true&characterEncoding=UTF-8&serverTimezone=Asia/Shanghai&allowPublicKeyRetrieval=true&verifyServerCertificate=false&useSSL=false, lastPacketReceivedIdleMillis : 60763
2024-03-29 21:05:49,764 ERROR [http-nio-8080-exec-2] c.a.d.pool.DruidAbstractDataSource [DruidAbstractDataSource.java : 1488] discard long time none received connection. , jdbcUrl : jdbc:mysql://localhost:3306/litemall?useUnicode=true&characterEncoding=UTF-8&serverTimezone=Asia/Shanghai&allowPublicKeyRetrieval=true&verifyServerCertificate=false&useSSL=false, jdbcUrl : jdbc:mysql://localhost:3306/litemall?useUnicode=true&characterEncoding=UTF-8&serverTimezone=Asia/Shanghai&allowPublicKeyRetrieval=true&verifyServerCertificate=false&useSSL=false, lastPacketReceivedIdleMillis : 100073
2024-03-29 21:06:56,052 ERROR [http-nio-8080-exec-6] c.a.d.pool.DruidAbstractDataSource [DruidAbstractDataSource.java : 1488] discard long time none received connection. , jdbcUrl : jdbc:mysql://localhost:3306/litemall?useUnicode=true&characterEncoding=UTF-8&serverTimezone=Asia/Shanghai&allowPublicKeyRetrieval=true&verifyServerCertificate=false&useSSL=false, jdbcUrl : jdbc:mysql://localhost:3306/litemall?useUnicode=true&characterEncoding=UTF-8&serverTimezone=Asia/Shanghai&allowPublicKeyRetrieval=true&verifyServerCertificate=false&useSSL=false, lastPacketReceivedIdleMillis : 66039
2024-03-29 21:08:14,727 ERROR [http-nio-8080-exec-7] c.a.d.pool.DruidAbstractDataSource [DruidAbstractDataSource.java : 1488] discard long time none received connection. , jdbcUrl : jdbc:mysql://localhost:3306/litemall?useUnicode=true&characterEncoding=UTF-8&serverTimezone=Asia/Shanghai&allowPublicKeyRetrieval=true&verifyServerCertificate=false&useSSL=false, jdbcUrl : jdbc:mysql://localhost:3306/litemall?useUnicode=true&characterEncoding=UTF-8&serverTimezone=Asia/Shanghai&allowPublicKeyRetrieval=true&verifyServerCertificate=false&useSSL=false, lastPacketReceivedIdleMillis : 67092
2024-03-29 21:11:23,566 ERROR [http-nio-8080-exec-3] c.a.d.pool.DruidAbstractDataSource [DruidAbstractDataSource.java : 1488] discard long time none received connection. , jdbcUrl : jdbc:mysql://localhost:3306/litemall?useUnicode=true&characterEncoding=UTF-8&serverTimezone=Asia/Shanghai&allowPublicKeyRetrieval=true&verifyServerCertificate=false&useSSL=false, jdbcUrl : jdbc:mysql://localhost:3306/litemall?useUnicode=true&characterEncoding=UTF-8&serverTimezone=Asia/Shanghai&allowPublicKeyRetrieval=true&verifyServerCertificate=false&useSSL=false, lastPacketReceivedIdleMillis : 68836
2024-03-29 21:39:39,111 INFO [scheduling-1] o.l.litemall.admin.job.CouponJob [CouponJob.java : 36] 系统开启任务检查优惠券是否已经过期
2024-03-29 21:39:39,111 ERROR [scheduling-1] c.a.d.pool.DruidAbstractDataSource [DruidAbstractDataSource.java : 1488] discard long time none received connection. , jdbcUrl : jdbc:mysql://localhost:3306/litemall?useUnicode=true&characterEncoding=UTF-8&serverTimezone=Asia/Shanghai&allowPublicKeyRetrieval=true&verifyServerCertificate=false&useSSL=false, jdbcUrl : jdbc:mysql://localhost:3306/litemall?useUnicode=true&characterEncoding=UTF-8&serverTimezone=Asia/Shanghai&allowPublicKeyRetrieval=true&verifyServerCertificate=false&useSSL=false, lastPacketReceivedIdleMillis : 1695545
2024-03-29 21:39:39,111 INFO [scheduling-1] o.l.litemall.admin.job.CouponJob [CouponJob.java : 50] 系统结束任务检查优惠券是否已经过期
2024-03-29 22:39:39,131 INFO [scheduling-1] o.l.litemall.admin.job.CouponJob [CouponJob.java : 36] 系统开启任务检查优惠券是否已经过期
2024-03-29 22:39:39,131 ERROR [scheduling-1] c.a.d.pool.DruidAbstractDataSource [DruidAbstractDataSource.java : 1488] discard long time none received connection. , jdbcUrl : jdbc:mysql://localhost:3306/litemall?useUnicode=true&characterEncoding=UTF-8&serverTimezone=Asia/Shanghai&allowPublicKeyRetrieval=true&verifyServerCertificate=false&useSSL=false, jdbcUrl : jdbc:mysql://localhost:3306/litemall?useUnicode=true&characterEncoding=UTF-8&serverTimezone=Asia/Shanghai&allowPublicKeyRetrieval=true&verifyServerCertificate=false&useSSL=false, lastPacketReceivedIdleMillis : 3600020
2024-03-29 22:39:39,131 INFO [scheduling-1] o.l.litemall.admin.job.CouponJob [CouponJob.java : 50] 系统结束任务检查优惠券是否已经过期
2024-03-29 23:39:39,153 INFO [scheduling-1] o.l.litemall.admin.job.CouponJob [CouponJob.java : 36] 系统开启任务检查优惠券是否已经过期
2024-03-29 23:39:39,153 ERROR [scheduling-1] c.a.d.pool.DruidAbstractDataSource [DruidAbstractDataSource.java : 1488] discard long time none received connection. , jdbcUrl : jdbc:mysql://localhost:3306/litemall?useUnicode=true&characterEncoding=UTF-8&serverTimezone=Asia/Shanghai&allowPublicKeyRetrieval=true&verifyServerCertificate=false&useSSL=false, jdbcUrl : jdbc:mysql://localhost:3306/litemall?useUnicode=true&characterEncoding=UTF-8&serverTimezone=Asia/Shanghai&allowPublicKeyRetrieval=true&verifyServerCertificate=false&useSSL=false, lastPacketReceivedIdleMillis : 3600022
2024-03-29 23:39:39,153 INFO [scheduling-1] o.l.litemall.admin.job.CouponJob [CouponJob.java : 50] 系统结束任务检查优惠券是否已经过期
