2024-04-12 04:50:29,569 INFO [restartedMain] org.linlinjava.litemall.Application [SpringApplication.java : 679] The following profiles are active: db,core,admin,wx
2024-04-12 04:50:36,447 INFO [scheduling-1] o.l.litemall.admin.job.CouponJob [CouponJob.java : 36] 系统开启任务检查优惠券是否已经过期
2024-04-12 04:50:36,478 INFO [scheduling-1] o.l.litemall.admin.job.CouponJob [CouponJob.java : 50] 系统结束任务检查优惠券是否已经过期
2024-04-12 04:50:36,485 INFO [restartedMain] org.linlinjava.litemall.Application [StartupInfoLogger.java : 59] Started Application in 8.328 seconds (JVM running for 9.62)
2024-04-12 04:50:52,549 ERROR [http-nio-8080-exec-2] o.l.l.c.c.GlobalExceptionHandler [GlobalExceptionHandler.java : 72] 目前权限管理应该在method的前面使用GetMapping注解或者PostMapping注解
java.lang.RuntimeException: 目前权限管理应该在method的前面使用GetMapping注解或者PostMapping注解
	at org.linlinjava.litemall.admin.util.PermissionUtil.listPermission(PermissionUtil.java:140)
	at org.linlinjava.litemall.admin.web.AdminAuthController.toApi(AdminAuthController.java:182)
	at org.linlinjava.litemall.admin.web.AdminAuthController.info(AdminAuthController.java:170)
	at org.linlinjava.litemall.admin.web.AdminAuthController$$FastClassBySpringCGLIB$$349cc670.invoke(<generated>)
	at org.springframework.cglib.proxy.MethodProxy.invoke(MethodProxy.java:218)
	at org.springframework.aop.framework.CglibAopProxy$CglibMethodInvocation.invokeJoinpoint(CglibAopProxy.java:749)
	at org.springframework.aop.framework.ReflectiveMethodInvocation.proceed(ReflectiveMethodInvocation.java:163)
	at org.apache.shiro.spring.security.interceptor.AopAllianceAnnotationsAuthorizingMethodInterceptor$1.proceed(AopAllianceAnnotationsAuthorizingMethodInterceptor.java:82)
	at org.apache.shiro.authz.aop.AuthorizingMethodInterceptor.invoke(AuthorizingMethodInterceptor.java:39)
	at org.apache.shiro.spring.security.interceptor.AopAllianceAnnotationsAuthorizingMethodInterceptor.invoke(AopAllianceAnnotationsAuthorizingMethodInterceptor.java:115)
	at org.springframework.aop.framework.ReflectiveMethodInvocation.proceed(ReflectiveMethodInvocation.java:186)
	at org.springframework.aop.framework.CglibAopProxy$DynamicAdvisedInterceptor.intercept(CglibAopProxy.java:688)
	at org.linlinjava.litemall.admin.web.AdminAuthController$$EnhancerBySpringCGLIB$$ffc4a11f.info(<generated>)
	at org.linlinjava.litemall.admin.web.AdminAuthController$$FastClassBySpringCGLIB$$349cc670.invoke(<generated>)
	at org.springframework.cglib.proxy.MethodProxy.invoke(MethodProxy.java:218)
	at org.springframework.aop.framework.CglibAopProxy$CglibMethodInvocation.invokeJoinpoint(CglibAopProxy.java:749)
	at org.springframework.aop.framework.ReflectiveMethodInvocation.proceed(ReflectiveMethodInvocation.java:163)
	at org.springframework.validation.beanvalidation.MethodValidationInterceptor.invoke(MethodValidationInterceptor.java:119)
	at org.springframework.aop.framework.ReflectiveMethodInvocation.proceed(ReflectiveMethodInvocation.java:186)
	at org.apache.shiro.spring.security.interceptor.AopAllianceAnnotationsAuthorizingMethodInterceptor$1.proceed(AopAllianceAnnotationsAuthorizingMethodInterceptor.java:82)
	at org.apache.shiro.authz.aop.AuthorizingMethodInterceptor.invoke(AuthorizingMethodInterceptor.java:39)
	at org.apache.shiro.spring.security.interceptor.AopAllianceAnnotationsAuthorizingMethodInterceptor.invoke(AopAllianceAnnotationsAuthorizingMethodInterceptor.java:115)
	at org.springframework.aop.framework.ReflectiveMethodInvocation.proceed(ReflectiveMethodInvocation.java:186)
	at org.springframework.aop.framework.CglibAopProxy$DynamicAdvisedInterceptor.intercept(CglibAopProxy.java:688)
	at org.linlinjava.litemall.admin.web.AdminAuthController$$EnhancerBySpringCGLIB$$9e7d3d5d.info(<generated>)
	at java.base/jdk.internal.reflect.DirectMethodHandleAccessor.invoke(DirectMethodHandleAccessor.java:104)
	at java.base/java.lang.reflect.Method.invoke(Method.java:578)
	at org.springframework.web.method.support.InvocableHandlerMethod.doInvoke(InvocableHandlerMethod.java:190)
	at org.springframework.web.method.support.InvocableHandlerMethod.invokeForRequest(InvocableHandlerMethod.java:138)
	at org.springframework.web.servlet.mvc.method.annotation.ServletInvocableHandlerMethod.invokeAndHandle(ServletInvocableHandlerMethod.java:104)
	at org.springframework.web.servlet.mvc.method.annotation.RequestMappingHandlerAdapter.invokeHandlerMethod(RequestMappingHandlerAdapter.java:892)
	at org.springframework.web.servlet.mvc.method.annotation.RequestMappingHandlerAdapter.handleInternal(RequestMappingHandlerAdapter.java:797)
	at org.springframework.web.servlet.mvc.method.AbstractHandlerMethodAdapter.handle(AbstractHandlerMethodAdapter.java:87)
	at org.springframework.web.servlet.DispatcherServlet.doDispatch(DispatcherServlet.java:1039)
	at org.springframework.web.servlet.DispatcherServlet.doService(DispatcherServlet.java:942)
	at org.springframework.web.servlet.FrameworkServlet.processRequest(FrameworkServlet.java:1005)
	at org.springframework.web.servlet.FrameworkServlet.doGet(FrameworkServlet.java:897)
	at javax.servlet.http.HttpServlet.service(HttpServlet.java:634)
	at org.springframework.web.servlet.FrameworkServlet.service(FrameworkServlet.java:882)
	at javax.servlet.http.HttpServlet.service(HttpServlet.java:741)
	at org.apache.catalina.core.ApplicationFilterChain.internalDoFilter(ApplicationFilterChain.java:231)
	at org.apache.catalina.core.ApplicationFilterChain.doFilter(ApplicationFilterChain.java:166)
	at org.apache.tomcat.websocket.server.WsFilter.doFilter(WsFilter.java:53)
	at org.apache.catalina.core.ApplicationFilterChain.internalDoFilter(ApplicationFilterChain.java:193)
	at org.apache.catalina.core.ApplicationFilterChain.doFilter(ApplicationFilterChain.java:166)
	at org.apache.shiro.web.servlet.ProxiedFilterChain.doFilter(ProxiedFilterChain.java:61)
	at org.apache.shiro.web.servlet.AdviceFilter.executeChain(AdviceFilter.java:108)
	at org.apache.shiro.web.servlet.AdviceFilter.doFilterInternal(AdviceFilter.java:137)
	at org.apache.shiro.web.servlet.OncePerRequestFilter.doFilter(OncePerRequestFilter.java:125)
	at org.apache.shiro.web.servlet.ProxiedFilterChain.doFilter(ProxiedFilterChain.java:66)
	at org.apache.shiro.web.servlet.AdviceFilter.executeChain(AdviceFilter.java:108)
	at org.apache.shiro.web.servlet.AdviceFilter.doFilterInternal(AdviceFilter.java:137)
	at org.apache.shiro.web.servlet.OncePerRequestFilter.doFilter(OncePerRequestFilter.java:125)
	at org.apache.shiro.web.servlet.ProxiedFilterChain.doFilter(ProxiedFilterChain.java:66)
	at org.apache.shiro.web.servlet.AbstractShiroFilter.executeChain(AbstractShiroFilter.java:450)
	at org.apache.shiro.web.servlet.AbstractShiroFilter$1.call(AbstractShiroFilter.java:365)
	at org.apache.shiro.subject.support.SubjectCallable.doCall(SubjectCallable.java:90)
	at org.apache.shiro.subject.support.SubjectCallable.call(SubjectCallable.java:83)
	at org.apache.shiro.subject.support.DelegatingSubject.execute(DelegatingSubject.java:387)
	at org.apache.shiro.web.servlet.AbstractShiroFilter.doFilterInternal(AbstractShiroFilter.java:362)
	at org.apache.shiro.web.servlet.OncePerRequestFilter.doFilter(OncePerRequestFilter.java:125)
	at org.apache.catalina.core.ApplicationFilterChain.internalDoFilter(ApplicationFilterChain.java:193)
	at org.apache.catalina.core.ApplicationFilterChain.doFilter(ApplicationFilterChain.java:166)
	at com.github.xiaoymin.swaggerbootstrapui.filter.SecurityBasicAuthFilter.doFilter(SecurityBasicAuthFilter.java:84)
	at org.apache.catalina.core.ApplicationFilterChain.internalDoFilter(ApplicationFilterChain.java:193)
	at org.apache.catalina.core.ApplicationFilterChain.doFilter(ApplicationFilterChain.java:166)
	at com.github.xiaoymin.swaggerbootstrapui.filter.ProductionSecurityFilter.doFilter(ProductionSecurityFilter.java:53)
	at org.apache.catalina.core.ApplicationFilterChain.internalDoFilter(ApplicationFilterChain.java:193)
	at org.apache.catalina.core.ApplicationFilterChain.doFilter(ApplicationFilterChain.java:166)
	at org.springframework.web.filter.CorsFilter.doFilterInternal(CorsFilter.java:96)
	at org.springframework.web.filter.OncePerRequestFilter.doFilter(OncePerRequestFilter.java:107)
	at org.apache.catalina.core.ApplicationFilterChain.internalDoFilter(ApplicationFilterChain.java:193)
	at org.apache.catalina.core.ApplicationFilterChain.doFilter(ApplicationFilterChain.java:166)
	at com.alibaba.druid.support.http.WebStatFilter.doFilter(WebStatFilter.java:124)
	at org.apache.catalina.core.ApplicationFilterChain.internalDoFilter(ApplicationFilterChain.java:193)
	at org.apache.catalina.core.ApplicationFilterChain.doFilter(ApplicationFilterChain.java:166)
	at org.springframework.web.filter.RequestContextFilter.doFilterInternal(RequestContextFilter.java:99)
	at org.springframework.web.filter.OncePerRequestFilter.doFilter(OncePerRequestFilter.java:107)
	at org.apache.catalina.core.ApplicationFilterChain.internalDoFilter(ApplicationFilterChain.java:193)
	at org.apache.catalina.core.ApplicationFilterChain.doFilter(ApplicationFilterChain.java:166)
	at org.springframework.web.filter.FormContentFilter.doFilterInternal(FormContentFilter.java:92)
	at org.springframework.web.filter.OncePerRequestFilter.doFilter(OncePerRequestFilter.java:107)
	at org.apache.catalina.core.ApplicationFilterChain.internalDoFilter(ApplicationFilterChain.java:193)
	at org.apache.catalina.core.ApplicationFilterChain.doFilter(ApplicationFilterChain.java:166)
	at org.springframework.web.filter.HiddenHttpMethodFilter.doFilterInternal(HiddenHttpMethodFilter.java:93)
	at org.springframework.web.filter.OncePerRequestFilter.doFilter(OncePerRequestFilter.java:107)
	at org.apache.catalina.core.ApplicationFilterChain.internalDoFilter(ApplicationFilterChain.java:193)
	at org.apache.catalina.core.ApplicationFilterChain.doFilter(ApplicationFilterChain.java:166)
	at org.springframework.web.filter.CharacterEncodingFilter.doFilterInternal(CharacterEncodingFilter.java:200)
	at org.springframework.web.filter.OncePerRequestFilter.doFilter(OncePerRequestFilter.java:107)
	at org.apache.catalina.core.ApplicationFilterChain.internalDoFilter(ApplicationFilterChain.java:193)
	at org.apache.catalina.core.ApplicationFilterChain.doFilter(ApplicationFilterChain.java:166)
	at org.apache.catalina.core.StandardWrapperValve.invoke(StandardWrapperValve.java:200)
	at org.apache.catalina.core.StandardContextValve.invoke(StandardContextValve.java:96)
	at org.apache.catalina.authenticator.AuthenticatorBase.invoke(AuthenticatorBase.java:490)
	at org.apache.catalina.core.StandardHostValve.invoke(StandardHostValve.java:139)
	at org.apache.catalina.valves.ErrorReportValve.invoke(ErrorReportValve.java:92)
	at org.apache.catalina.core.StandardEngineValve.invoke(StandardEngineValve.java:74)
	at org.apache.catalina.connector.CoyoteAdapter.service(CoyoteAdapter.java:343)
	at org.apache.coyote.http11.Http11Processor.service(Http11Processor.java:408)
	at org.apache.coyote.AbstractProcessorLight.process(AbstractProcessorLight.java:66)
	at org.apache.coyote.AbstractProtocol$ConnectionHandler.process(AbstractProtocol.java:836)
	at org.apache.tomcat.util.net.NioEndpoint$SocketProcessor.doRun(NioEndpoint.java:1747)
	at org.apache.tomcat.util.net.SocketProcessorBase.run(SocketProcessorBase.java:49)
	at java.base/java.util.concurrent.ThreadPoolExecutor.runWorker(ThreadPoolExecutor.java:1144)
	at java.base/java.util.concurrent.ThreadPoolExecutor$Worker.run(ThreadPoolExecutor.java:642)
	at org.apache.tomcat.util.threads.TaskThread$WrappingRunnable.run(TaskThread.java:61)
	at java.base/java.lang.Thread.run(Thread.java:1589)
2024-04-12 04:53:39,647 ERROR [http-nio-8080-exec-4] c.a.d.pool.DruidAbstractDataSource [DruidAbstractDataSource.java : 1488] discard long time none received connection. , jdbcUrl : jdbc:mysql://localhost:3306/litemall?useUnicode=true&characterEncoding=UTF-8&serverTimezone=Asia/Shanghai&allowPublicKeyRetrieval=true&verifyServerCertificate=false&useSSL=false, jdbcUrl : jdbc:mysql://localhost:3306/litemall?useUnicode=true&characterEncoding=UTF-8&serverTimezone=Asia/Shanghai&allowPublicKeyRetrieval=true&verifyServerCertificate=false&useSSL=false, lastPacketReceivedIdleMillis : 183145
2024-04-12 04:58:50,932 ERROR [http-nio-8080-exec-7] c.a.d.pool.DruidAbstractDataSource [DruidAbstractDataSource.java : 1488] discard long time none received connection. , jdbcUrl : jdbc:mysql://localhost:3306/litemall?useUnicode=true&characterEncoding=UTF-8&serverTimezone=Asia/Shanghai&allowPublicKeyRetrieval=true&verifyServerCertificate=false&useSSL=false, jdbcUrl : jdbc:mysql://localhost:3306/litemall?useUnicode=true&characterEncoding=UTF-8&serverTimezone=Asia/Shanghai&allowPublicKeyRetrieval=true&verifyServerCertificate=false&useSSL=false, lastPacketReceivedIdleMillis : 311285
2024-04-12 05:00:00,013 INFO [scheduling-1] o.l.litemall.admin.job.DbJob [DbJob.java : 31] 系统开启定时任务数据库备份
2024-04-12 05:00:00,049 INFO [scheduling-1] o.l.litemall.admin.job.DbJob [DbJob.java : 56] 系统结束定时任务数据库备份
2024-04-12 16:15:12,251 INFO [restartedMain] org.linlinjava.litemall.Application [SpringApplication.java : 679] The following profiles are active: db,core,admin,wx
2024-04-12 16:15:20,847 ERROR [restartedMain] o.s.boot.SpringApplication [SpringApplication.java : 858] Application run failed
org.springframework.beans.factory.BeanCreationException: Error creating bean with name 'validator' defined in class path resource [org/linlinjava/litemall/core/config/ValidatorConfiguration.class]: Bean instantiation via factory method failed; nested exception is org.springframework.beans.BeanInstantiationException: Failed to instantiate [javax.validation.Validator]: Factory method 'validator' threw exception; nested exception is java.lang.NoClassDefFoundError: Could not initialize class org.hibernate.validator.internal.engine.ConfigurationImpl
	at org.springframework.beans.factory.support.ConstructorResolver.instantiate(ConstructorResolver.java:627)
	at org.springframework.beans.factory.support.ConstructorResolver.instantiateUsingFactoryMethod(ConstructorResolver.java:456)
	at org.springframework.beans.factory.support.AbstractAutowireCapableBeanFactory.instantiateUsingFactoryMethod(AbstractAutowireCapableBeanFactory.java:1321)
	at org.springframework.beans.factory.support.AbstractAutowireCapableBeanFactory.createBeanInstance(AbstractAutowireCapableBeanFactory.java:1160)
	at org.springframework.beans.factory.support.AbstractAutowireCapableBeanFactory.doCreateBean(AbstractAutowireCapableBeanFactory.java:555)
	at org.springframework.beans.factory.support.AbstractAutowireCapableBeanFactory.createBean(AbstractAutowireCapableBeanFactory.java:515)
	at org.springframework.beans.factory.support.AbstractBeanFactory.lambda$doGetBean$0(AbstractBeanFactory.java:320)
	at org.springframework.beans.factory.support.DefaultSingletonBeanRegistry.getSingleton(DefaultSingletonBeanRegistry.java:222)
	at org.springframework.beans.factory.support.AbstractBeanFactory.doGetBean(AbstractBeanFactory.java:318)
	at org.springframework.beans.factory.support.AbstractBeanFactory.getBean(AbstractBeanFactory.java:199)
	at org.springframework.beans.factory.support.DefaultListableBeanFactory.preInstantiateSingletons(DefaultListableBeanFactory.java:843)
	at org.springframework.context.support.AbstractApplicationContext.finishBeanFactoryInitialization(AbstractApplicationContext.java:877)
	at org.springframework.context.support.AbstractApplicationContext.refresh(AbstractApplicationContext.java:549)
	at org.springframework.boot.web.servlet.context.ServletWebServerApplicationContext.refresh(ServletWebServerApplicationContext.java:142)
	at org.springframework.boot.SpringApplication.refresh(SpringApplication.java:775)
	at org.springframework.boot.SpringApplication.refreshContext(SpringApplication.java:397)
	at org.springframework.boot.SpringApplication.run(SpringApplication.java:316)
	at org.springframework.boot.SpringApplication.run(SpringApplication.java:1260)
	at org.springframework.boot.SpringApplication.run(SpringApplication.java:1248)
	at org.linlinjava.litemall.Application.main(Application.java:16)
	at java.base/jdk.internal.reflect.DirectMethodHandleAccessor.invoke(DirectMethodHandleAccessor.java:104)
	at java.base/java.lang.reflect.Method.invoke(Method.java:578)
	at org.springframework.boot.devtools.restart.RestartLauncher.run(RestartLauncher.java:49)
Caused by: org.springframework.beans.BeanInstantiationException: Failed to instantiate [javax.validation.Validator]: Factory method 'validator' threw exception; nested exception is java.lang.NoClassDefFoundError: Could not initialize class org.hibernate.validator.internal.engine.ConfigurationImpl
	at org.springframework.beans.factory.support.SimpleInstantiationStrategy.instantiate(SimpleInstantiationStrategy.java:185)
	at org.springframework.beans.factory.support.ConstructorResolver.instantiate(ConstructorResolver.java:622)
	... 22 common frames omitted
Caused by: java.lang.NoClassDefFoundError: Could not initialize class org.hibernate.validator.internal.engine.ConfigurationImpl
	at org.hibernate.validator.HibernateValidator.createSpecializedConfiguration(HibernateValidator.java:28)
	at org.hibernate.validator.HibernateValidator.createSpecializedConfiguration(HibernateValidator.java:24)
	at javax.validation.Validation$ProviderSpecificBootstrapImpl.configure(Validation.java:214)
	at org.linlinjava.litemall.core.config.ValidatorConfiguration.validator(ValidatorConfiguration.java:16)
	at org.linlinjava.litemall.core.config.ValidatorConfiguration$$EnhancerBySpringCGLIB$$54ce5283.CGLIB$validator$0(<generated>)
	at org.linlinjava.litemall.core.config.ValidatorConfiguration$$EnhancerBySpringCGLIB$$54ce5283$$FastClassBySpringCGLIB$$a6216127.invoke(<generated>)
	at org.springframework.cglib.proxy.MethodProxy.invokeSuper(MethodProxy.java:244)
	at org.springframework.context.annotation.ConfigurationClassEnhancer$BeanMethodInterceptor.intercept(ConfigurationClassEnhancer.java:363)
	at org.linlinjava.litemall.core.config.ValidatorConfiguration$$EnhancerBySpringCGLIB$$54ce5283.validator(<generated>)
	at java.base/jdk.internal.reflect.DirectMethodHandleAccessor.invoke(DirectMethodHandleAccessor.java:104)
	at java.base/java.lang.reflect.Method.invoke(Method.java:578)
	at org.springframework.beans.factory.support.SimpleInstantiationStrategy.instantiate(SimpleInstantiationStrategy.java:154)
	... 23 common frames omitted
Caused by: java.lang.ExceptionInInitializerError: Exception java.lang.NoClassDefFoundError: org/jboss/logging/BasicLogger [in thread "background-preinit"]
	at java.base/java.lang.ClassLoader.defineClass1(Native Method)
	at java.base/java.lang.ClassLoader.defineClass(ClassLoader.java:1013)
	at java.base/java.security.SecureClassLoader.defineClass(SecureClassLoader.java:150)
	at java.base/jdk.internal.loader.BuiltinClassLoader.defineClass(BuiltinClassLoader.java:862)
	at java.base/jdk.internal.loader.BuiltinClassLoader.findClassOnClassPathOrNull(BuiltinClassLoader.java:760)
	at java.base/jdk.internal.loader.BuiltinClassLoader.loadClassOrNull(BuiltinClassLoader.java:681)
	at java.base/jdk.internal.loader.BuiltinClassLoader.loadClass(BuiltinClassLoader.java:639)
	at java.base/jdk.internal.loader.ClassLoaders$AppClassLoader.loadClass(ClassLoaders.java:188)
	at java.base/java.lang.ClassLoader.loadClass(ClassLoader.java:521)
	at org.hibernate.validator.internal.util.logging.LoggerFactory.make(LoggerFactory.java:22)
	at org.hibernate.validator.internal.util.Version.<clinit>(Version.java:20)
	at org.hibernate.validator.internal.engine.AbstractConfigurationImpl.<clinit>(AbstractConfigurationImpl.java:83)
	at org.hibernate.validator.HibernateValidator.createGenericConfiguration(HibernateValidator.java:33)
	at javax.validation.Validation$GenericBootstrapImpl.configure(Validation.java:296)
	at org.springframework.boot.autoconfigure.BackgroundPreinitializer$ValidationInitializer.run(BackgroundPreinitializer.java:155)
	at org.springframework.boot.autoconfigure.BackgroundPreinitializer$1.runSafely(BackgroundPreinitializer.java:106)
	at org.springframework.boot.autoconfigure.BackgroundPreinitializer$1.run(BackgroundPreinitializer.java:96)
	at java.base/java.lang.Thread.run(Thread.java:1589)
2024-04-12 16:17:39,897 INFO [restartedMain] org.linlinjava.litemall.Application [SpringApplication.java : 679] The following profiles are active: db,core,admin,wx
2024-04-12 16:17:46,062 ERROR [restartedMain] o.s.boot.SpringApplication [SpringApplication.java : 858] Application run failed
org.springframework.beans.factory.BeanCreationException: Error creating bean with name 'validator' defined in class path resource [org/linlinjava/litemall/core/config/ValidatorConfiguration.class]: Bean instantiation via factory method failed; nested exception is org.springframework.beans.BeanInstantiationException: Failed to instantiate [javax.validation.Validator]: Factory method 'validator' threw exception; nested exception is java.lang.NoClassDefFoundError: Could not initialize class org.hibernate.validator.internal.engine.ConfigurationImpl
	at org.springframework.beans.factory.support.ConstructorResolver.instantiate(ConstructorResolver.java:627)
	at org.springframework.beans.factory.support.ConstructorResolver.instantiateUsingFactoryMethod(ConstructorResolver.java:456)
	at org.springframework.beans.factory.support.AbstractAutowireCapableBeanFactory.instantiateUsingFactoryMethod(AbstractAutowireCapableBeanFactory.java:1321)
	at org.springframework.beans.factory.support.AbstractAutowireCapableBeanFactory.createBeanInstance(AbstractAutowireCapableBeanFactory.java:1160)
	at org.springframework.beans.factory.support.AbstractAutowireCapableBeanFactory.doCreateBean(AbstractAutowireCapableBeanFactory.java:555)
	at org.springframework.beans.factory.support.AbstractAutowireCapableBeanFactory.createBean(AbstractAutowireCapableBeanFactory.java:515)
	at org.springframework.beans.factory.support.AbstractBeanFactory.lambda$doGetBean$0(AbstractBeanFactory.java:320)
	at org.springframework.beans.factory.support.DefaultSingletonBeanRegistry.getSingleton(DefaultSingletonBeanRegistry.java:222)
	at org.springframework.beans.factory.support.AbstractBeanFactory.doGetBean(AbstractBeanFactory.java:318)
	at org.springframework.beans.factory.support.AbstractBeanFactory.getBean(AbstractBeanFactory.java:199)
	at org.springframework.beans.factory.support.DefaultListableBeanFactory.preInstantiateSingletons(DefaultListableBeanFactory.java:843)
	at org.springframework.context.support.AbstractApplicationContext.finishBeanFactoryInitialization(AbstractApplicationContext.java:877)
	at org.springframework.context.support.AbstractApplicationContext.refresh(AbstractApplicationContext.java:549)
	at org.springframework.boot.web.servlet.context.ServletWebServerApplicationContext.refresh(ServletWebServerApplicationContext.java:142)
	at org.springframework.boot.SpringApplication.refresh(SpringApplication.java:775)
	at org.springframework.boot.SpringApplication.refreshContext(SpringApplication.java:397)
	at org.springframework.boot.SpringApplication.run(SpringApplication.java:316)
	at org.springframework.boot.SpringApplication.run(SpringApplication.java:1260)
	at org.springframework.boot.SpringApplication.run(SpringApplication.java:1248)
	at org.linlinjava.litemall.Application.main(Application.java:16)
	at java.base/jdk.internal.reflect.DirectMethodHandleAccessor.invoke(DirectMethodHandleAccessor.java:104)
	at java.base/java.lang.reflect.Method.invoke(Method.java:578)
	at org.springframework.boot.devtools.restart.RestartLauncher.run(RestartLauncher.java:49)
Caused by: org.springframework.beans.BeanInstantiationException: Failed to instantiate [javax.validation.Validator]: Factory method 'validator' threw exception; nested exception is java.lang.NoClassDefFoundError: Could not initialize class org.hibernate.validator.internal.engine.ConfigurationImpl
	at org.springframework.beans.factory.support.SimpleInstantiationStrategy.instantiate(SimpleInstantiationStrategy.java:185)
	at org.springframework.beans.factory.support.ConstructorResolver.instantiate(ConstructorResolver.java:622)
	... 22 common frames omitted
Caused by: java.lang.NoClassDefFoundError: Could not initialize class org.hibernate.validator.internal.engine.ConfigurationImpl
	at org.hibernate.validator.HibernateValidator.createSpecializedConfiguration(HibernateValidator.java:28)
	at org.hibernate.validator.HibernateValidator.createSpecializedConfiguration(HibernateValidator.java:24)
	at javax.validation.Validation$ProviderSpecificBootstrapImpl.configure(Validation.java:214)
	at org.linlinjava.litemall.core.config.ValidatorConfiguration.validator(ValidatorConfiguration.java:16)
	at org.linlinjava.litemall.core.config.ValidatorConfiguration$$EnhancerBySpringCGLIB$$ade8a3db.CGLIB$validator$0(<generated>)
	at org.linlinjava.litemall.core.config.ValidatorConfiguration$$EnhancerBySpringCGLIB$$ade8a3db$$FastClassBySpringCGLIB$$6d03ccd4.invoke(<generated>)
	at org.springframework.cglib.proxy.MethodProxy.invokeSuper(MethodProxy.java:244)
	at org.springframework.context.annotation.ConfigurationClassEnhancer$BeanMethodInterceptor.intercept(ConfigurationClassEnhancer.java:363)
	at org.linlinjava.litemall.core.config.ValidatorConfiguration$$EnhancerBySpringCGLIB$$ade8a3db.validator(<generated>)
	at java.base/jdk.internal.reflect.DirectMethodHandleAccessor.invoke(DirectMethodHandleAccessor.java:104)
	at java.base/java.lang.reflect.Method.invoke(Method.java:578)
	at org.springframework.beans.factory.support.SimpleInstantiationStrategy.instantiate(SimpleInstantiationStrategy.java:154)
	... 23 common frames omitted
Caused by: java.lang.ExceptionInInitializerError: Exception java.lang.NoClassDefFoundError: org/jboss/logging/BasicLogger [in thread "background-preinit"]
	at java.base/java.lang.ClassLoader.defineClass1(Native Method)
	at java.base/java.lang.ClassLoader.defineClass(ClassLoader.java:1013)
	at java.base/java.security.SecureClassLoader.defineClass(SecureClassLoader.java:150)
	at java.base/jdk.internal.loader.BuiltinClassLoader.defineClass(BuiltinClassLoader.java:862)
	at java.base/jdk.internal.loader.BuiltinClassLoader.findClassOnClassPathOrNull(BuiltinClassLoader.java:760)
	at java.base/jdk.internal.loader.BuiltinClassLoader.loadClassOrNull(BuiltinClassLoader.java:681)
	at java.base/jdk.internal.loader.BuiltinClassLoader.loadClass(BuiltinClassLoader.java:639)
	at java.base/jdk.internal.loader.ClassLoaders$AppClassLoader.loadClass(ClassLoaders.java:188)
	at java.base/java.lang.ClassLoader.loadClass(ClassLoader.java:521)
	at org.hibernate.validator.internal.util.logging.LoggerFactory.make(LoggerFactory.java:22)
	at org.hibernate.validator.internal.util.Version.<clinit>(Version.java:20)
	at org.hibernate.validator.internal.engine.AbstractConfigurationImpl.<clinit>(AbstractConfigurationImpl.java:83)
	at org.hibernate.validator.HibernateValidator.createGenericConfiguration(HibernateValidator.java:33)
	at javax.validation.Validation$GenericBootstrapImpl.configure(Validation.java:296)
	at org.springframework.boot.autoconfigure.BackgroundPreinitializer$ValidationInitializer.run(BackgroundPreinitializer.java:155)
	at org.springframework.boot.autoconfigure.BackgroundPreinitializer$1.runSafely(BackgroundPreinitializer.java:106)
	at org.springframework.boot.autoconfigure.BackgroundPreinitializer$1.run(BackgroundPreinitializer.java:96)
	at java.base/java.lang.Thread.run(Thread.java:1589)
2024-04-12 16:18:44,823 INFO [restartedMain] org.linlinjava.litemall.Application [SpringApplication.java : 679] The following profiles are active: db,core,admin,wx
2024-04-12 16:18:52,556 INFO [scheduling-1] o.l.litemall.admin.job.CouponJob [CouponJob.java : 36] 系统开启任务检查优惠券是否已经过期
2024-04-12 16:18:52,588 INFO [scheduling-1] o.l.litemall.admin.job.CouponJob [CouponJob.java : 50] 系统结束任务检查优惠券是否已经过期
2024-04-12 16:18:52,588 INFO [restartedMain] org.linlinjava.litemall.Application [StartupInfoLogger.java : 59] Started Application in 9.493 seconds (JVM running for 10.922)
2024-04-12 16:35:29,098 ERROR [http-nio-8080-exec-2] c.a.d.pool.DruidAbstractDataSource [DruidAbstractDataSource.java : 1488] discard long time none received connection. , jdbcUrl : jdbc:mysql://localhost:3306/litemall?useUnicode=true&characterEncoding=UTF-8&serverTimezone=Asia/Shanghai&allowPublicKeyRetrieval=true&verifyServerCertificate=false&useSSL=false, jdbcUrl : jdbc:mysql://localhost:3306/litemall?useUnicode=true&characterEncoding=UTF-8&serverTimezone=Asia/Shanghai&allowPublicKeyRetrieval=true&verifyServerCertificate=false&useSSL=false, lastPacketReceivedIdleMillis : 996493
2024-04-12 16:45:15,612 ERROR [http-nio-8080-exec-5] c.a.d.pool.DruidAbstractDataSource [DruidAbstractDataSource.java : 1488] discard long time none received connection. , jdbcUrl : jdbc:mysql://localhost:3306/litemall?useUnicode=true&characterEncoding=UTF-8&serverTimezone=Asia/Shanghai&allowPublicKeyRetrieval=true&verifyServerCertificate=false&useSSL=false, jdbcUrl : jdbc:mysql://localhost:3306/litemall?useUnicode=true&characterEncoding=UTF-8&serverTimezone=Asia/Shanghai&allowPublicKeyRetrieval=true&verifyServerCertificate=false&useSSL=false, lastPacketReceivedIdleMillis : 1587291
2024-04-12 16:45:15,598 ERROR [http-nio-8080-exec-7] c.a.d.pool.DruidAbstractDataSource [DruidAbstractDataSource.java : 1488] discard long time none received connection. , jdbcUrl : jdbc:mysql://localhost:3306/litemall?useUnicode=true&characterEncoding=UTF-8&serverTimezone=Asia/Shanghai&allowPublicKeyRetrieval=true&verifyServerCertificate=false&useSSL=false, jdbcUrl : jdbc:mysql://localhost:3306/litemall?useUnicode=true&characterEncoding=UTF-8&serverTimezone=Asia/Shanghai&allowPublicKeyRetrieval=true&verifyServerCertificate=false&useSSL=false, lastPacketReceivedIdleMillis : 1587277
2024-04-12 16:45:15,612 ERROR [http-nio-8080-exec-8] c.a.d.pool.DruidAbstractDataSource [DruidAbstractDataSource.java : 1488] discard long time none received connection. , jdbcUrl : jdbc:mysql://localhost:3306/litemall?useUnicode=true&characterEncoding=UTF-8&serverTimezone=Asia/Shanghai&allowPublicKeyRetrieval=true&verifyServerCertificate=false&useSSL=false, jdbcUrl : jdbc:mysql://localhost:3306/litemall?useUnicode=true&characterEncoding=UTF-8&serverTimezone=Asia/Shanghai&allowPublicKeyRetrieval=true&verifyServerCertificate=false&useSSL=false, lastPacketReceivedIdleMillis : 1587307
2024-04-12 16:45:15,598 ERROR [http-nio-8080-exec-2] c.a.d.pool.DruidAbstractDataSource [DruidAbstractDataSource.java : 1488] discard long time none received connection. , jdbcUrl : jdbc:mysql://localhost:3306/litemall?useUnicode=true&characterEncoding=UTF-8&serverTimezone=Asia/Shanghai&allowPublicKeyRetrieval=true&verifyServerCertificate=false&useSSL=false, jdbcUrl : jdbc:mysql://localhost:3306/litemall?useUnicode=true&characterEncoding=UTF-8&serverTimezone=Asia/Shanghai&allowPublicKeyRetrieval=true&verifyServerCertificate=false&useSSL=false, lastPacketReceivedIdleMillis : 586484
2024-04-12 16:45:15,612 ERROR [http-nio-8080-exec-7] c.a.d.pool.DruidAbstractDataSource [DruidAbstractDataSource.java : 1488] discard long time none received connection. , jdbcUrl : jdbc:mysql://localhost:3306/litemall?useUnicode=true&characterEncoding=UTF-8&serverTimezone=Asia/Shanghai&allowPublicKeyRetrieval=true&verifyServerCertificate=false&useSSL=false, jdbcUrl : jdbc:mysql://localhost:3306/litemall?useUnicode=true&characterEncoding=UTF-8&serverTimezone=Asia/Shanghai&allowPublicKeyRetrieval=true&verifyServerCertificate=false&useSSL=false, lastPacketReceivedIdleMillis : 1587307
2024-04-12 16:45:15,612 ERROR [http-nio-8080-exec-5] c.a.d.pool.DruidAbstractDataSource [DruidAbstractDataSource.java : 1488] discard long time none received connection. , jdbcUrl : jdbc:mysql://localhost:3306/litemall?useUnicode=true&characterEncoding=UTF-8&serverTimezone=Asia/Shanghai&allowPublicKeyRetrieval=true&verifyServerCertificate=false&useSSL=false, jdbcUrl : jdbc:mysql://localhost:3306/litemall?useUnicode=true&characterEncoding=UTF-8&serverTimezone=Asia/Shanghai&allowPublicKeyRetrieval=true&verifyServerCertificate=false&useSSL=false, lastPacketReceivedIdleMillis : 1587307
2024-04-12 16:45:15,612 ERROR [http-nio-8080-exec-8] c.a.d.pool.DruidAbstractDataSource [DruidAbstractDataSource.java : 1488] discard long time none received connection. , jdbcUrl : jdbc:mysql://localhost:3306/litemall?useUnicode=true&characterEncoding=UTF-8&serverTimezone=Asia/Shanghai&allowPublicKeyRetrieval=true&verifyServerCertificate=false&useSSL=false, jdbcUrl : jdbc:mysql://localhost:3306/litemall?useUnicode=true&characterEncoding=UTF-8&serverTimezone=Asia/Shanghai&allowPublicKeyRetrieval=true&verifyServerCertificate=false&useSSL=false, lastPacketReceivedIdleMillis : 1587307
2024-04-12 16:45:15,614 ERROR [http-nio-8080-exec-9] c.a.d.pool.DruidAbstractDataSource [DruidAbstractDataSource.java : 1488] discard long time none received connection. , jdbcUrl : jdbc:mysql://localhost:3306/litemall?useUnicode=true&characterEncoding=UTF-8&serverTimezone=Asia/Shanghai&allowPublicKeyRetrieval=true&verifyServerCertificate=false&useSSL=false, jdbcUrl : jdbc:mysql://localhost:3306/litemall?useUnicode=true&characterEncoding=UTF-8&serverTimezone=Asia/Shanghai&allowPublicKeyRetrieval=true&verifyServerCertificate=false&useSSL=false, lastPacketReceivedIdleMillis : 1587309
2024-04-12 16:45:15,614 ERROR [http-nio-8080-exec-7] c.a.d.pool.DruidAbstractDataSource [DruidAbstractDataSource.java : 1488] discard long time none received connection. , jdbcUrl : jdbc:mysql://localhost:3306/litemall?useUnicode=true&characterEncoding=UTF-8&serverTimezone=Asia/Shanghai&allowPublicKeyRetrieval=true&verifyServerCertificate=false&useSSL=false, jdbcUrl : jdbc:mysql://localhost:3306/litemall?useUnicode=true&characterEncoding=UTF-8&serverTimezone=Asia/Shanghai&allowPublicKeyRetrieval=true&verifyServerCertificate=false&useSSL=false, lastPacketReceivedIdleMillis : 1587324
2024-04-12 16:47:34,030 ERROR [http-nio-8080-exec-18] c.a.d.pool.DruidAbstractDataSource [DruidAbstractDataSource.java : 1488] discard long time none received connection. , jdbcUrl : jdbc:mysql://localhost:3306/litemall?useUnicode=true&characterEncoding=UTF-8&serverTimezone=Asia/Shanghai&allowPublicKeyRetrieval=true&verifyServerCertificate=false&useSSL=false, jdbcUrl : jdbc:mysql://localhost:3306/litemall?useUnicode=true&characterEncoding=UTF-8&serverTimezone=Asia/Shanghai&allowPublicKeyRetrieval=true&verifyServerCertificate=false&useSSL=false, lastPacketReceivedIdleMillis : 132595
2024-04-12 16:47:34,030 ERROR [http-nio-8080-exec-18] c.a.d.pool.DruidAbstractDataSource [DruidAbstractDataSource.java : 1488] discard long time none received connection. , jdbcUrl : jdbc:mysql://localhost:3306/litemall?useUnicode=true&characterEncoding=UTF-8&serverTimezone=Asia/Shanghai&allowPublicKeyRetrieval=true&verifyServerCertificate=false&useSSL=false, jdbcUrl : jdbc:mysql://localhost:3306/litemall?useUnicode=true&characterEncoding=UTF-8&serverTimezone=Asia/Shanghai&allowPublicKeyRetrieval=true&verifyServerCertificate=false&useSSL=false, lastPacketReceivedIdleMillis : 132916
2024-04-12 16:47:34,030 ERROR [http-nio-8080-exec-12] c.a.d.pool.DruidAbstractDataSource [DruidAbstractDataSource.java : 1488] discard long time none received connection. , jdbcUrl : jdbc:mysql://localhost:3306/litemall?useUnicode=true&characterEncoding=UTF-8&serverTimezone=Asia/Shanghai&allowPublicKeyRetrieval=true&verifyServerCertificate=false&useSSL=false, jdbcUrl : jdbc:mysql://localhost:3306/litemall?useUnicode=true&characterEncoding=UTF-8&serverTimezone=Asia/Shanghai&allowPublicKeyRetrieval=true&verifyServerCertificate=false&useSSL=false, lastPacketReceivedIdleMillis : 132916
2024-04-12 16:51:39,604 ERROR [http-nio-8080-exec-8] c.a.d.pool.DruidAbstractDataSource [DruidAbstractDataSource.java : 1488] discard long time none received connection. , jdbcUrl : jdbc:mysql://localhost:3306/litemall?useUnicode=true&characterEncoding=UTF-8&serverTimezone=Asia/Shanghai&allowPublicKeyRetrieval=true&verifyServerCertificate=false&useSSL=false, jdbcUrl : jdbc:mysql://localhost:3306/litemall?useUnicode=true&characterEncoding=UTF-8&serverTimezone=Asia/Shanghai&allowPublicKeyRetrieval=true&verifyServerCertificate=false&useSSL=false, lastPacketReceivedIdleMillis : 215565
2024-04-12 16:51:39,605 ERROR [http-nio-8080-exec-8] c.a.d.pool.DruidAbstractDataSource [DruidAbstractDataSource.java : 1488] discard long time none received connection. , jdbcUrl : jdbc:mysql://localhost:3306/litemall?useUnicode=true&characterEncoding=UTF-8&serverTimezone=Asia/Shanghai&allowPublicKeyRetrieval=true&verifyServerCertificate=false&useSSL=false, jdbcUrl : jdbc:mysql://localhost:3306/litemall?useUnicode=true&characterEncoding=UTF-8&serverTimezone=Asia/Shanghai&allowPublicKeyRetrieval=true&verifyServerCertificate=false&useSSL=false, lastPacketReceivedIdleMillis : 378490
2024-04-12 16:51:39,605 ERROR [http-nio-8080-exec-8] c.a.d.pool.DruidAbstractDataSource [DruidAbstractDataSource.java : 1488] discard long time none received connection. , jdbcUrl : jdbc:mysql://localhost:3306/litemall?useUnicode=true&characterEncoding=UTF-8&serverTimezone=Asia/Shanghai&allowPublicKeyRetrieval=true&verifyServerCertificate=false&useSSL=false, jdbcUrl : jdbc:mysql://localhost:3306/litemall?useUnicode=true&characterEncoding=UTF-8&serverTimezone=Asia/Shanghai&allowPublicKeyRetrieval=true&verifyServerCertificate=false&useSSL=false, lastPacketReceivedIdleMillis : 383975
2024-04-12 16:59:28,142 ERROR [http-nio-8080-exec-1] c.a.d.pool.DruidAbstractDataSource [DruidAbstractDataSource.java : 1488] discard long time none received connection. , jdbcUrl : jdbc:mysql://localhost:3306/litemall?useUnicode=true&characterEncoding=UTF-8&serverTimezone=Asia/Shanghai&allowPublicKeyRetrieval=true&verifyServerCertificate=false&useSSL=false, jdbcUrl : jdbc:mysql://localhost:3306/litemall?useUnicode=true&characterEncoding=UTF-8&serverTimezone=Asia/Shanghai&allowPublicKeyRetrieval=true&verifyServerCertificate=false&useSSL=false, lastPacketReceivedIdleMillis : 93610
2024-04-12 17:02:25,928 ERROR [http-nio-8080-exec-14] c.a.d.pool.DruidAbstractDataSource [DruidAbstractDataSource.java : 1488] discard long time none received connection. , jdbcUrl : jdbc:mysql://localhost:3306/litemall?useUnicode=true&characterEncoding=UTF-8&serverTimezone=Asia/Shanghai&allowPublicKeyRetrieval=true&verifyServerCertificate=false&useSSL=false, jdbcUrl : jdbc:mysql://localhost:3306/litemall?useUnicode=true&characterEncoding=UTF-8&serverTimezone=Asia/Shanghai&allowPublicKeyRetrieval=true&verifyServerCertificate=false&useSSL=false, lastPacketReceivedIdleMillis : 177782
2024-04-12 17:04:22,331 ERROR [http-nio-8080-exec-1] c.a.d.pool.DruidAbstractDataSource [DruidAbstractDataSource.java : 1488] discard long time none received connection. , jdbcUrl : jdbc:mysql://localhost:3306/litemall?useUnicode=true&characterEncoding=UTF-8&serverTimezone=Asia/Shanghai&allowPublicKeyRetrieval=true&verifyServerCertificate=false&useSSL=false, jdbcUrl : jdbc:mysql://localhost:3306/litemall?useUnicode=true&characterEncoding=UTF-8&serverTimezone=Asia/Shanghai&allowPublicKeyRetrieval=true&verifyServerCertificate=false&useSSL=false, lastPacketReceivedIdleMillis : 116394
2024-04-12 17:11:42,078 ERROR [http-nio-8080-exec-18] c.a.d.pool.DruidAbstractDataSource [DruidAbstractDataSource.java : 1488] discard long time none received connection. , jdbcUrl : jdbc:mysql://localhost:3306/litemall?useUnicode=true&characterEncoding=UTF-8&serverTimezone=Asia/Shanghai&allowPublicKeyRetrieval=true&verifyServerCertificate=false&useSSL=false, jdbcUrl : jdbc:mysql://localhost:3306/litemall?useUnicode=true&characterEncoding=UTF-8&serverTimezone=Asia/Shanghai&allowPublicKeyRetrieval=true&verifyServerCertificate=false&useSSL=false, lastPacketReceivedIdleMillis : 439747
2024-04-12 17:15:13,406 ERROR [http-nio-8080-exec-17] c.a.d.pool.DruidAbstractDataSource [DruidAbstractDataSource.java : 1488] discard long time none received connection. , jdbcUrl : jdbc:mysql://localhost:3306/litemall?useUnicode=true&characterEncoding=UTF-8&serverTimezone=Asia/Shanghai&allowPublicKeyRetrieval=true&verifyServerCertificate=false&useSSL=false, jdbcUrl : jdbc:mysql://localhost:3306/litemall?useUnicode=true&characterEncoding=UTF-8&serverTimezone=Asia/Shanghai&allowPublicKeyRetrieval=true&verifyServerCertificate=false&useSSL=false, lastPacketReceivedIdleMillis : 195978
2024-04-12 17:18:33,410 ERROR [http-nio-8080-exec-13] c.a.d.pool.DruidAbstractDataSource [DruidAbstractDataSource.java : 1488] discard long time none received connection. , jdbcUrl : jdbc:mysql://localhost:3306/litemall?useUnicode=true&characterEncoding=UTF-8&serverTimezone=Asia/Shanghai&allowPublicKeyRetrieval=true&verifyServerCertificate=false&useSSL=false, jdbcUrl : jdbc:mysql://localhost:3306/litemall?useUnicode=true&characterEncoding=UTF-8&serverTimezone=Asia/Shanghai&allowPublicKeyRetrieval=true&verifyServerCertificate=false&useSSL=false, lastPacketReceivedIdleMillis : 128506
2024-04-12 17:18:33,410 ERROR [http-nio-8080-exec-11] c.a.d.pool.DruidAbstractDataSource [DruidAbstractDataSource.java : 1488] discard long time none received connection. , jdbcUrl : jdbc:mysql://localhost:3306/litemall?useUnicode=true&characterEncoding=UTF-8&serverTimezone=Asia/Shanghai&allowPublicKeyRetrieval=true&verifyServerCertificate=false&useSSL=false, jdbcUrl : jdbc:mysql://localhost:3306/litemall?useUnicode=true&characterEncoding=UTF-8&serverTimezone=Asia/Shanghai&allowPublicKeyRetrieval=true&verifyServerCertificate=false&useSSL=false, lastPacketReceivedIdleMillis : 411322
2024-04-12 17:18:52,602 INFO [scheduling-1] o.l.litemall.admin.job.CouponJob [CouponJob.java : 36] 系统开启任务检查优惠券是否已经过期
2024-04-12 17:18:52,636 INFO [scheduling-1] o.l.litemall.admin.job.CouponJob [CouponJob.java : 50] 系统结束任务检查优惠券是否已经过期
2024-04-12 17:20:13,400 ERROR [http-nio-8080-exec-10] c.a.d.pool.DruidAbstractDataSource [DruidAbstractDataSource.java : 1488] discard long time none received connection. , jdbcUrl : jdbc:mysql://localhost:3306/litemall?useUnicode=true&characterEncoding=UTF-8&serverTimezone=Asia/Shanghai&allowPublicKeyRetrieval=true&verifyServerCertificate=false&useSSL=false, jdbcUrl : jdbc:mysql://localhost:3306/litemall?useUnicode=true&characterEncoding=UTF-8&serverTimezone=Asia/Shanghai&allowPublicKeyRetrieval=true&verifyServerCertificate=false&useSSL=false, lastPacketReceivedIdleMillis : 99990
2024-04-12 17:24:13,409 ERROR [http-nio-8080-exec-13] c.a.d.pool.DruidAbstractDataSource [DruidAbstractDataSource.java : 1488] discard long time none received connection. , jdbcUrl : jdbc:mysql://localhost:3306/litemall?useUnicode=true&characterEncoding=UTF-8&serverTimezone=Asia/Shanghai&allowPublicKeyRetrieval=true&verifyServerCertificate=false&useSSL=false, jdbcUrl : jdbc:mysql://localhost:3306/litemall?useUnicode=true&characterEncoding=UTF-8&serverTimezone=Asia/Shanghai&allowPublicKeyRetrieval=true&verifyServerCertificate=false&useSSL=false, lastPacketReceivedIdleMillis : 168011
2024-04-12 17:32:13,405 ERROR [http-nio-8080-exec-1] c.a.d.pool.DruidAbstractDataSource [DruidAbstractDataSource.java : 1488] discard long time none received connection. , jdbcUrl : jdbc:mysql://localhost:3306/litemall?useUnicode=true&characterEncoding=UTF-8&serverTimezone=Asia/Shanghai&allowPublicKeyRetrieval=true&verifyServerCertificate=false&useSSL=false, jdbcUrl : jdbc:mysql://localhost:3306/litemall?useUnicode=true&characterEncoding=UTF-8&serverTimezone=Asia/Shanghai&allowPublicKeyRetrieval=true&verifyServerCertificate=false&useSSL=false, lastPacketReceivedIdleMillis : 189000
2024-04-12 17:32:13,405 ERROR [http-nio-8080-exec-12] c.a.d.pool.DruidAbstractDataSource [DruidAbstractDataSource.java : 1488] discard long time none received connection. , jdbcUrl : jdbc:mysql://localhost:3306/litemall?useUnicode=true&characterEncoding=UTF-8&serverTimezone=Asia/Shanghai&allowPublicKeyRetrieval=true&verifyServerCertificate=false&useSSL=false, jdbcUrl : jdbc:mysql://localhost:3306/litemall?useUnicode=true&characterEncoding=UTF-8&serverTimezone=Asia/Shanghai&allowPublicKeyRetrieval=true&verifyServerCertificate=false&useSSL=false, lastPacketReceivedIdleMillis : 353711
